<?xml version="1.0" encoding="UTF-8"?>
<!-- Generated by org.testng.reporters.JUnitXMLReporter -->
<testsuite hostname="Zeynabs-MacBook-Air.local" ignored="1" name="Command line test" tests="50" failures="7" timestamp="2021-12-18T12:12:14 EST" time="427.531" errors="0">
  <testcase name="placeOrder" time="2.127" classname="com.cybertek.officeHours.oH04.placeOrderTest">
    <failure type="org.openqa.selenium.StaleElementReferenceException" message="stale element reference: element is not attached to the page document
  (Session info: chrome=96.0.4664.110)
For documentation on this error, please visit: https://www.seleniumhq.org/exceptions/stale_element_reference.html
Build info: version: &amp;apos;3.141.59&amp;apos;, revision: &amp;apos;e82be7d358&amp;apos;, time: &amp;apos;2018-11-14T08:17:03&amp;apos;
System info: host: &amp;apos;Zeynabs-MacBook-Air.local&amp;apos;, ip: &amp;apos;fe80:0:0:0:81a:3b8b:484:a489%en0&amp;apos;, os.name: &amp;apos;Mac OS X&amp;apos;, os.arch: &amp;apos;x86_64&amp;apos;, os.version: &amp;apos;10.16&amp;apos;, java.version: &amp;apos;1.8.0_231&amp;apos;
Driver info: org.openqa.selenium.chrome.ChromeDriver
Capabilities {acceptInsecureCerts: false, browserName: chrome, browserVersion: 96.0.4664.110, chrome: {chromedriverVersion: 96.0.4664.45 (76e4c1bb2ab46..., userDataDir: /var/folders/33/jjj5dygj359...}, goog:chromeOptions: {debuggerAddress: localhost:49465}, javascriptEnabled: true, networkConnectionEnabled: false, pageLoadStrategy: normal, platform: MAC, platformName: MAC, proxy: Proxy(), setWindowRect: true, strictFileInteractability: false, timeouts: {implicit: 0, pageLoad: 300000, script: 30000}, unhandledPromptBehavior: dismiss and notify, webauthn:extension:credBlob: true, webauthn:extension:largeBlob: true, webauthn:virtualAuthenticators: true}
Session ID: 6024a37fb23914e4eebfe92170a3a7cd">
      <![CDATA[org.openqa.selenium.StaleElementReferenceException: stale element reference: element is not attached to the page document
  (Session info: chrome=96.0.4664.110)
For documentation on this error, please visit: https://www.seleniumhq.org/exceptions/stale_element_reference.html
Build info: version: '3.141.59', revision: 'e82be7d358', time: '2018-11-14T08:17:03'
System info: host: 'Zeynabs-MacBook-Air.local', ip: 'fe80:0:0:0:81a:3b8b:484:a489%en0', os.name: 'Mac OS X', os.arch: 'x86_64', os.version: '10.16', java.version: '1.8.0_231'
Driver info: org.openqa.selenium.chrome.ChromeDriver
Capabilities {acceptInsecureCerts: false, browserName: chrome, browserVersion: 96.0.4664.110, chrome: {chromedriverVersion: 96.0.4664.45 (76e4c1bb2ab46..., userDataDir: /var/folders/33/jjj5dygj359...}, goog:chromeOptions: {debuggerAddress: localhost:49465}, javascriptEnabled: true, networkConnectionEnabled: false, pageLoadStrategy: normal, platform: MAC, platformName: MAC, proxy: Proxy(), setWindowRect: true, strictFileInteractability: false, timeouts: {implicit: 0, pageLoad: 300000, script: 30000}, unhandledPromptBehavior: dismiss and notify, webauthn:extension:credBlob: true, webauthn:extension:largeBlob: true, webauthn:virtualAuthenticators: true}
Session ID: 6024a37fb23914e4eebfe92170a3a7cd
at org.openqa.selenium.remote.http.W3CHttpResponseCodec.createException(W3CHttpResponseCodec.java:187)
at org.openqa.selenium.remote.http.W3CHttpResponseCodec.decode(W3CHttpResponseCodec.java:122)
at org.openqa.selenium.remote.http.W3CHttpResponseCodec.decode(W3CHttpResponseCodec.java:49)
at org.openqa.selenium.remote.HttpCommandExecutor.execute(HttpCommandExecutor.java:158)
at org.openqa.selenium.remote.service.DriverCommandExecutor.execute(DriverCommandExecutor.java:83)
at org.openqa.selenium.remote.RemoteWebDriver.execute(RemoteWebDriver.java:552)
at org.openqa.selenium.remote.RemoteWebElement.execute(RemoteWebElement.java:285)
at org.openqa.selenium.remote.RemoteWebElement.click(RemoteWebElement.java:84)
at com.cybertek.utils.officeUtils.addProduct(officeUtils.java:24)
at com.cybertek.officeHours.oH04.placeOrderTest.placeOrder(placeOrderTest.java:35)
at java.util.ArrayList.forEach(ArrayList.java:1257)
... Removed 41 stack frames]]>
    </failure>
  </testcase> <!-- placeOrder -->
  <testcase name="test1" time="0.001" classname="com.cybertek.tests.day08_implicitwait_checkbox_radio_testing.TestNGIntro"/>
  <testcase name="test2" time="0.0" classname="com.cybertek.tests.day08_implicitwait_checkbox_radio_testing.TestNGIntro">
    <failure type="java.lang.ArithmeticException" message="/ by zero">
      <![CDATA[java.lang.ArithmeticException: / by zero
at com.cybertek.tests.day08_implicitwait_checkbox_radio_testing.TestNGIntro.test2(TestNGIntro.java:13)
at java.util.ArrayList.forEach(ArrayList.java:1257)
... Removed 37 stack frames]]>
    </failure>
  </testcase> <!-- test2 -->
  <testcase name="uploadFileTest" time="1.984" classname="com.cybertek.tests.day17_upload_js_executor.Guru99UploadTest">
    <failure type="org.openqa.selenium.InvalidArgumentException" message="invalid argument: File not found : /Users/zeynabnasibova/Downloads/some-file.txt
  (Session info: chrome=96.0.4664.110)
Build info: version: &amp;apos;3.141.59&amp;apos;, revision: &amp;apos;e82be7d358&amp;apos;, time: &amp;apos;2018-11-14T08:17:03&amp;apos;
System info: host: &amp;apos;Zeynabs-MacBook-Air.local&amp;apos;, ip: &amp;apos;fe80:0:0:0:81a:3b8b:484:a489%en0&amp;apos;, os.name: &amp;apos;Mac OS X&amp;apos;, os.arch: &amp;apos;x86_64&amp;apos;, os.version: &amp;apos;10.16&amp;apos;, java.version: &amp;apos;1.8.0_231&amp;apos;
Driver info: org.openqa.selenium.chrome.ChromeDriver
Capabilities {acceptInsecureCerts: false, browserName: chrome, browserVersion: 96.0.4664.110, chrome: {chromedriverVersion: 96.0.4664.45 (76e4c1bb2ab46..., userDataDir: /var/folders/33/jjj5dygj359...}, goog:chromeOptions: {debuggerAddress: localhost:49481}, javascriptEnabled: true, networkConnectionEnabled: false, pageLoadStrategy: normal, platform: MAC, platformName: MAC, proxy: Proxy(), setWindowRect: true, strictFileInteractability: false, timeouts: {implicit: 0, pageLoad: 300000, script: 30000}, unhandledPromptBehavior: dismiss and notify, webauthn:extension:credBlob: true, webauthn:extension:largeBlob: true, webauthn:virtualAuthenticators: true}
Session ID: 97da46b27c3dac247acf38dec491dc02">
      <![CDATA[org.openqa.selenium.InvalidArgumentException: invalid argument: File not found : /Users/zeynabnasibova/Downloads/some-file.txt
  (Session info: chrome=96.0.4664.110)
Build info: version: '3.141.59', revision: 'e82be7d358', time: '2018-11-14T08:17:03'
System info: host: 'Zeynabs-MacBook-Air.local', ip: 'fe80:0:0:0:81a:3b8b:484:a489%en0', os.name: 'Mac OS X', os.arch: 'x86_64', os.version: '10.16', java.version: '1.8.0_231'
Driver info: org.openqa.selenium.chrome.ChromeDriver
Capabilities {acceptInsecureCerts: false, browserName: chrome, browserVersion: 96.0.4664.110, chrome: {chromedriverVersion: 96.0.4664.45 (76e4c1bb2ab46..., userDataDir: /var/folders/33/jjj5dygj359...}, goog:chromeOptions: {debuggerAddress: localhost:49481}, javascriptEnabled: true, networkConnectionEnabled: false, pageLoadStrategy: normal, platform: MAC, platformName: MAC, proxy: Proxy(), setWindowRect: true, strictFileInteractability: false, timeouts: {implicit: 0, pageLoad: 300000, script: 30000}, unhandledPromptBehavior: dismiss and notify, webauthn:extension:credBlob: true, webauthn:extension:largeBlob: true, webauthn:virtualAuthenticators: true}
Session ID: 97da46b27c3dac247acf38dec491dc02
at org.openqa.selenium.remote.http.W3CHttpResponseCodec.createException(W3CHttpResponseCodec.java:187)
at org.openqa.selenium.remote.http.W3CHttpResponseCodec.decode(W3CHttpResponseCodec.java:122)
at org.openqa.selenium.remote.http.W3CHttpResponseCodec.decode(W3CHttpResponseCodec.java:49)
at org.openqa.selenium.remote.HttpCommandExecutor.execute(HttpCommandExecutor.java:158)
at org.openqa.selenium.remote.service.DriverCommandExecutor.execute(DriverCommandExecutor.java:83)
at org.openqa.selenium.remote.RemoteWebDriver.execute(RemoteWebDriver.java:552)
at org.openqa.selenium.remote.RemoteWebElement.execute(RemoteWebElement.java:285)
at org.openqa.selenium.remote.RemoteWebElement.sendKeys(RemoteWebElement.java:106)
at com.cybertek.tests.day17_upload_js_executor.Guru99UploadTest.uploadFileTest(Guru99UploadTest.java:29)
at java.util.ArrayList.forEach(ArrayList.java:1257)
... Removed 41 stack frames]]>
    </failure>
  </testcase> <!-- uploadFileTest -->
  <testcase name="alertExampleTest" time="2.097" classname="com.cybertek.tests.day17_upload_js_executor.JavaScriptExecutorTest"/>
  <testcase name="scrollTest" time="13.66" classname="com.cybertek.tests.day17_upload_js_executor.JavaScriptExecutorTest"/>
  <testcase name="scrollToElementTest" time="4.114" classname="com.cybertek.tests.day17_upload_js_executor.JavaScriptExecutorTest"/>
  <testcase name="setValueusingJSTest" time="3.014" classname="com.cybertek.tests.day17_upload_js_executor.JavaScriptExecutorTest"/>
  <testcase name="getAllColumnData" time="0.204" classname="com.cybertek.tests.day14_utils_webtables_properties.WebTableDemoTest"/>
  <testcase name="printAllTableDataTest" time="0.6" classname="com.cybertek.tests.day14_utils_webtables_properties.WebTableDemoTest"/>
  <testcase name="readFromTableTest" time="0.433" classname="com.cybertek.tests.day14_utils_webtables_properties.WebTableDemoTest"/>
  <testcase name="readNeighborCell" time="0.14" classname="com.cybertek.tests.day14_utils_webtables_properties.WebTableDemoTest"/>
  <testcase name="verifyLinksAfterLogin" time="0.956" classname="com.cybertek.tests.day14_utils_webtables_properties.SmartBearProductTest"/>
  <testcase name="iframeTest" time="5.355" classname="com.cybertek.tests.day11_alerts_iframe_windows.IFrameExampleTest"/>
  <testcase name="multipleFramesTest" time="0.721" classname="com.cybertek.tests.day11_alerts_iframe_windows.IFrameExampleTest"/>
  <testcase name="confirmAlertTest" time="0.345" classname="com.cybertek.tests.day11_alerts_iframe_windows.AlertExamplesTest">
    <failure type="java.lang.AssertionError" message="expected [You successfuly clicked an alert] but found [You clicked: Cancel]">
      <![CDATA[java.lang.AssertionError: expected [You successfuly clicked an alert] but found [You clicked: Cancel]
at com.cybertek.tests.day11_alerts_iframe_windows.AlertExamplesTest.confirmAlertTest(AlertExamplesTest.java:64)
at java.util.ArrayList.forEach(ArrayList.java:1257)
... Removed 43 stack frames]]>
    </failure>
  </testcase> <!-- confirmAlertTest -->
  <testcase name="infoAlertTest" time="0.448" classname="com.cybertek.tests.day11_alerts_iframe_windows.AlertExamplesTest"/>
  <testcase name="promptAlertTest" time="3.387" classname="com.cybertek.tests.day11_alerts_iframe_windows.AlertExamplesTest"/>
  <testcase name="demoQAMultipleWindows" time="2.987" classname="com.cybertek.tests.day11_alerts_iframe_windows.MultipleWindowsExampleTest"/>
  <testcase name="windowsTest" time="1.727" classname="com.cybertek.tests.day11_alerts_iframe_windows.MultipleWindowsExampleTest"/>
  <testcase name="configurationReaderUnitTest" time="0.001" classname="com.cybertek.tests.day15_properties_driverutil_testbase.PropertiesFileTest"/>
  <testcase name="readValuesFromPropertiesFile" time="0.002" classname="com.cybertek.tests.day15_properties_driverutil_testbase.PropertiesFileTest"/>
  <testcase name="driverClasstest" time="19.721" classname="com.cybertek.tests.day15_properties_driverutil_testbase.DriverUtilTest"/>
  <testcase name="readingSystemProperties" time="0.001" classname="com.cybertek.tests.day15_properties_driverutil_testbase.SystemPropertiesTest"/>
  <testcase name="tallBuildingsTableTest" time="5.942" classname="com.cybertek.tests.day15_properties_driverutil_testbase.TechlisticWebtableTest"/>
  <testcase name="amazonDepartmentTest" time="40.884" classname="com.cybertek.tests.day10_dropdow_alerts_iframes_windows.AmazonDepartmentNamesListTest"/>
  <testcase name="jsAlertsTest" time="0.237" classname="com.cybertek.tests.day10_dropdow_alerts_iframes_windows.HandingAlertsTest"/>
  <testcase name="searchForMinivanTest" time="89.67" classname="com.cybertek.tests.day10_dropdow_alerts_iframes_windows.CarGurusUsedCarSearchTest"/>
  <testcase name="fileDownloadTest" time="3.379" classname="com.cybertek.tests.day16_download_js_executor.FileDownloadTest"/>
  <testcase name="uploadFileTest" time="1.338" classname="com.cybertek.tests.day16_download_js_executor.FileUploadTest">
    <failure type="org.openqa.selenium.InvalidArgumentException" message="invalid argument: File not found : /Users/zeynabnasibova/Downloads/some-file.txt
  (Session info: chrome=96.0.4664.110)
Build info: version: &amp;apos;3.141.59&amp;apos;, revision: &amp;apos;e82be7d358&amp;apos;, time: &amp;apos;2018-11-14T08:17:03&amp;apos;
System info: host: &amp;apos;Zeynabs-MacBook-Air.local&amp;apos;, ip: &amp;apos;fe80:0:0:0:81a:3b8b:484:a489%en0&amp;apos;, os.name: &amp;apos;Mac OS X&amp;apos;, os.arch: &amp;apos;x86_64&amp;apos;, os.version: &amp;apos;10.16&amp;apos;, java.version: &amp;apos;1.8.0_231&amp;apos;
Driver info: org.openqa.selenium.chrome.ChromeDriver
Capabilities {acceptInsecureCerts: false, browserName: chrome, browserVersion: 96.0.4664.110, chrome: {chromedriverVersion: 96.0.4664.45 (76e4c1bb2ab46..., userDataDir: /var/folders/33/jjj5dygj359...}, goog:chromeOptions: {debuggerAddress: localhost:50566}, javascriptEnabled: true, networkConnectionEnabled: false, pageLoadStrategy: normal, platform: MAC, platformName: MAC, proxy: Proxy(), setWindowRect: true, strictFileInteractability: false, timeouts: {implicit: 0, pageLoad: 300000, script: 30000}, unhandledPromptBehavior: dismiss and notify, webauthn:extension:credBlob: true, webauthn:extension:largeBlob: true, webauthn:virtualAuthenticators: true}
Session ID: dcd5519bd4312d00482ef73d20015dca">
      <![CDATA[org.openqa.selenium.InvalidArgumentException: invalid argument: File not found : /Users/zeynabnasibova/Downloads/some-file.txt
  (Session info: chrome=96.0.4664.110)
Build info: version: '3.141.59', revision: 'e82be7d358', time: '2018-11-14T08:17:03'
System info: host: 'Zeynabs-MacBook-Air.local', ip: 'fe80:0:0:0:81a:3b8b:484:a489%en0', os.name: 'Mac OS X', os.arch: 'x86_64', os.version: '10.16', java.version: '1.8.0_231'
Driver info: org.openqa.selenium.chrome.ChromeDriver
Capabilities {acceptInsecureCerts: false, browserName: chrome, browserVersion: 96.0.4664.110, chrome: {chromedriverVersion: 96.0.4664.45 (76e4c1bb2ab46..., userDataDir: /var/folders/33/jjj5dygj359...}, goog:chromeOptions: {debuggerAddress: localhost:50566}, javascriptEnabled: true, networkConnectionEnabled: false, pageLoadStrategy: normal, platform: MAC, platformName: MAC, proxy: Proxy(), setWindowRect: true, strictFileInteractability: false, timeouts: {implicit: 0, pageLoad: 300000, script: 30000}, unhandledPromptBehavior: dismiss and notify, webauthn:extension:credBlob: true, webauthn:extension:largeBlob: true, webauthn:virtualAuthenticators: true}
Session ID: dcd5519bd4312d00482ef73d20015dca
at org.openqa.selenium.remote.http.W3CHttpResponseCodec.createException(W3CHttpResponseCodec.java:187)
at org.openqa.selenium.remote.http.W3CHttpResponseCodec.decode(W3CHttpResponseCodec.java:122)
at org.openqa.selenium.remote.http.W3CHttpResponseCodec.decode(W3CHttpResponseCodec.java:49)
at org.openqa.selenium.remote.HttpCommandExecutor.execute(HttpCommandExecutor.java:158)
at org.openqa.selenium.remote.service.DriverCommandExecutor.execute(DriverCommandExecutor.java:83)
at org.openqa.selenium.remote.RemoteWebDriver.execute(RemoteWebDriver.java:552)
at org.openqa.selenium.remote.RemoteWebElement.execute(RemoteWebElement.java:285)
at org.openqa.selenium.remote.RemoteWebElement.sendKeys(RemoteWebElement.java:106)
at com.cybertek.tests.day16_download_js_executor.FileUploadTest.uploadFileTest(FileUploadTest.java:16)
at java.util.ArrayList.forEach(ArrayList.java:1257)
... Removed 41 stack frames]]>
    </failure>
  </testcase> <!-- uploadFileTest -->
  <testcase name="invalidFirstNameTest" time="4.648" classname="com.cybertek.tests.day13_faker_practice_browserutil_properties.RegistrationFormNegativeTest"/>
  <testcase name="formTest" time="6.533" classname="com.cybertek.tests.day13_faker_practice_browserutil_properties.RegistrationFormTest"/>
  <testcase name="simpleDropDownTest" time="0.204" classname="com.cybertek.tests.day09_testing_dropdowns.DropDownTest"/>
  <testcase name="titleTest" time="0.026" classname="com.cybertek.tests.day09_testing_dropdowns.DropDownTest"/>
  <testcase name="test1" time="0.0" classname="com.cybertek.tests.day09_testing_dropdowns.TestNGIntro"/>
  <testcase name="myTest2" time="0.0" classname="com.cybertek.tests.day09_testing_dropdowns.TestNGIntro"/>
  <testcase name="googleFeelingLuckyBtnHoverTest" time="12.056" classname="com.cybertek.tests.day18_actions_pom_intro.ActionsDemoTest">
    <failure type="org.openqa.selenium.NoSuchElementException" message="no such element: Unable to locate element: {&amp;quot;method&amp;quot;:&amp;quot;xpath&amp;quot;,&amp;quot;selector&amp;quot;:&amp;quot;//div[@class=&amp;apos;FPdoLc&amp;apos;]&amp;quot;}
  (Session info: chrome=96.0.4664.110)
For documentation on this error, please visit: https://www.seleniumhq.org/exceptions/no_such_element.html
Build info: version: &amp;apos;3.141.59&amp;apos;, revision: &amp;apos;e82be7d358&amp;apos;, time: &amp;apos;2018-11-14T08:17:03&amp;apos;
System info: host: &amp;apos;Zeynabs-MacBook-Air.local&amp;apos;, ip: &amp;apos;fe80:0:0:0:81a:3b8b:484:a489%en0&amp;apos;, os.name: &amp;apos;Mac OS X&amp;apos;, os.arch: &amp;apos;x86_64&amp;apos;, os.version: &amp;apos;10.16&amp;apos;, java.version: &amp;apos;1.8.0_231&amp;apos;
Driver info: org.openqa.selenium.chrome.ChromeDriver
Capabilities {acceptInsecureCerts: false, browserName: chrome, browserVersion: 96.0.4664.110, chrome: {chromedriverVersion: 96.0.4664.45 (76e4c1bb2ab46..., userDataDir: /var/folders/33/jjj5dygj359...}, goog:chromeOptions: {debuggerAddress: localhost:50711}, javascriptEnabled: true, networkConnectionEnabled: false, pageLoadStrategy: normal, platform: MAC, platformName: MAC, proxy: Proxy(), setWindowRect: true, strictFileInteractability: false, timeouts: {implicit: 0, pageLoad: 300000, script: 30000}, unhandledPromptBehavior: dismiss and notify, webauthn:extension:credBlob: true, webauthn:extension:largeBlob: true, webauthn:virtualAuthenticators: true}
Session ID: 1bc6ec75c66f386ec7418121922b3210
*** Element info: {Using=xpath, value=//div[@class=&amp;apos;FPdoLc&amp;apos;]}">
      <![CDATA[org.openqa.selenium.NoSuchElementException: no such element: Unable to locate element: {"method":"xpath","selector":"//div[@class='FPdoLc']"}
  (Session info: chrome=96.0.4664.110)
For documentation on this error, please visit: https://www.seleniumhq.org/exceptions/no_such_element.html
Build info: version: '3.141.59', revision: 'e82be7d358', time: '2018-11-14T08:17:03'
System info: host: 'Zeynabs-MacBook-Air.local', ip: 'fe80:0:0:0:81a:3b8b:484:a489%en0', os.name: 'Mac OS X', os.arch: 'x86_64', os.version: '10.16', java.version: '1.8.0_231'
Driver info: org.openqa.selenium.chrome.ChromeDriver
Capabilities {acceptInsecureCerts: false, browserName: chrome, browserVersion: 96.0.4664.110, chrome: {chromedriverVersion: 96.0.4664.45 (76e4c1bb2ab46..., userDataDir: /var/folders/33/jjj5dygj359...}, goog:chromeOptions: {debuggerAddress: localhost:50711}, javascriptEnabled: true, networkConnectionEnabled: false, pageLoadStrategy: normal, platform: MAC, platformName: MAC, proxy: Proxy(), setWindowRect: true, strictFileInteractability: false, timeouts: {implicit: 0, pageLoad: 300000, script: 30000}, unhandledPromptBehavior: dismiss and notify, webauthn:extension:credBlob: true, webauthn:extension:largeBlob: true, webauthn:virtualAuthenticators: true}
Session ID: 1bc6ec75c66f386ec7418121922b3210
*** Element info: {Using=xpath, value=//div[@class='FPdoLc']}
at org.openqa.selenium.remote.http.W3CHttpResponseCodec.createException(W3CHttpResponseCodec.java:187)
at org.openqa.selenium.remote.http.W3CHttpResponseCodec.decode(W3CHttpResponseCodec.java:122)
at org.openqa.selenium.remote.http.W3CHttpResponseCodec.decode(W3CHttpResponseCodec.java:49)
at org.openqa.selenium.remote.HttpCommandExecutor.execute(HttpCommandExecutor.java:158)
at org.openqa.selenium.remote.service.DriverCommandExecutor.execute(DriverCommandExecutor.java:83)
at org.openqa.selenium.remote.RemoteWebDriver.execute(RemoteWebDriver.java:552)
at org.openqa.selenium.remote.RemoteWebDriver.findElement(RemoteWebDriver.java:323)
at org.openqa.selenium.remote.RemoteWebDriver.findElementByXPath(RemoteWebDriver.java:428)
at org.openqa.selenium.By$ByXPath.findElement(By.java:353)
at org.openqa.selenium.remote.RemoteWebDriver.findElement(RemoteWebDriver.java:315)
at com.cybertek.tests.day18_actions_pom_intro.ActionsDemoTest.googleFeelingLuckyBtnHoverTest(ActionsDemoTest.java:55)
at java.util.ArrayList.forEach(ArrayList.java:1257)
... Removed 41 stack frames]]>
    </failure>
  </testcase> <!-- googleFeelingLuckyBtnHoverTest -->
  <testcase name="hoverElementTest" time="2.867" classname="com.cybertek.tests.day18_actions_pom_intro.ActionsDemoTest"/>
  <testcase name="hoverOverGroupElements" time="4.518" classname="com.cybertek.tests.day18_actions_pom_intro.ActionsDemoTest"/>
  <testcase name="doubleClickForColorChange" time="10.061" classname="com.cybertek.tests.day18_actions_pom_intro.ActionsDoubleClickTest"/>
  <testcase name="randomEmailSubscribeTest" time="10.67" classname="com.cybertek.tests.day18_actions_pom_intro.EtsySubscribeTest"/>
  <testcase name="dragAndDropTest" time="2.811" classname="com.cybertek.tests.day18_actions_pom_intro.ActionsDragAndDropTest"/>
  <testcase name="rightClickTest" time="1.886" classname="com.cybertek.tests.day18_actions_pom_intro.ActionsSendKeysTest"/>
  <testcase name="scrollWithKeysTest" time="4.437" classname="com.cybertek.tests.day18_actions_pom_intro.ActionsSendKeysTest"/>
  <testcase name="test" time="11.737" classname="com.cybertek.tests.day20_review_wait.IframeActionsTest"/>
  <testcase name="newWindowTest" time="4.64" classname="com.cybertek.tests.day12_windows_practice_faker.DemoQAMultipleWindowsTest"/>
  <testcase name="invalidCredentialsTest" time="1.627" classname="com.cybertek.tests.day19_page_object_model.LibraryLoginPOMTest"/>
  <testcase name="positiveLoginTest" time="2.981" classname="com.cybertek.tests.day19_page_object_model.LibraryLoginPOMTest"/>
  <testcase name="cargurusPriceSliderTest" time="29.577" classname="com.cybertek.tests.day19_page_object_model.DragAndDropTest">
    <failure type="org.openqa.selenium.NoSuchElementException" message="no such element: Unable to locate element: {&amp;quot;method&amp;quot;:&amp;quot;xpath&amp;quot;,&amp;quot;selector&amp;quot;:&amp;quot;(//button[@aria-valuemin=&amp;apos;3000&amp;apos;])[1]&amp;quot;}
  (Session info: chrome=96.0.4664.110)
For documentation on this error, please visit: https://www.seleniumhq.org/exceptions/no_such_element.html
Build info: version: &amp;apos;3.141.59&amp;apos;, revision: &amp;apos;e82be7d358&amp;apos;, time: &amp;apos;2018-11-14T08:17:03&amp;apos;
System info: host: &amp;apos;Zeynabs-MacBook-Air.local&amp;apos;, ip: &amp;apos;fe80:0:0:0:81a:3b8b:484:a489%en0&amp;apos;, os.name: &amp;apos;Mac OS X&amp;apos;, os.arch: &amp;apos;x86_64&amp;apos;, os.version: &amp;apos;10.16&amp;apos;, java.version: &amp;apos;1.8.0_231&amp;apos;
Driver info: org.openqa.selenium.chrome.ChromeDriver
Capabilities {acceptInsecureCerts: false, browserName: chrome, browserVersion: 96.0.4664.110, chrome: {chromedriverVersion: 96.0.4664.45 (76e4c1bb2ab46..., userDataDir: /var/folders/33/jjj5dygj359...}, goog:chromeOptions: {debuggerAddress: localhost:51542}, javascriptEnabled: true, networkConnectionEnabled: false, pageLoadStrategy: normal, platform: MAC, platformName: MAC, proxy: Proxy(), setWindowRect: true, strictFileInteractability: false, timeouts: {implicit: 0, pageLoad: 300000, script: 30000}, unhandledPromptBehavior: dismiss and notify, webauthn:extension:credBlob: true, webauthn:extension:largeBlob: true, webauthn:virtualAuthenticators: true}
Session ID: f26375c43d36b3b02fb09caa89a68694
*** Element info: {Using=xpath, value=(//button[@aria-valuemin=&amp;apos;3000&amp;apos;])[1]}">
      <![CDATA[org.openqa.selenium.NoSuchElementException: no such element: Unable to locate element: {"method":"xpath","selector":"(//button[@aria-valuemin='3000'])[1]"}
  (Session info: chrome=96.0.4664.110)
For documentation on this error, please visit: https://www.seleniumhq.org/exceptions/no_such_element.html
Build info: version: '3.141.59', revision: 'e82be7d358', time: '2018-11-14T08:17:03'
System info: host: 'Zeynabs-MacBook-Air.local', ip: 'fe80:0:0:0:81a:3b8b:484:a489%en0', os.name: 'Mac OS X', os.arch: 'x86_64', os.version: '10.16', java.version: '1.8.0_231'
Driver info: org.openqa.selenium.chrome.ChromeDriver
Capabilities {acceptInsecureCerts: false, browserName: chrome, browserVersion: 96.0.4664.110, chrome: {chromedriverVersion: 96.0.4664.45 (76e4c1bb2ab46..., userDataDir: /var/folders/33/jjj5dygj359...}, goog:chromeOptions: {debuggerAddress: localhost:51542}, javascriptEnabled: true, networkConnectionEnabled: false, pageLoadStrategy: normal, platform: MAC, platformName: MAC, proxy: Proxy(), setWindowRect: true, strictFileInteractability: false, timeouts: {implicit: 0, pageLoad: 300000, script: 30000}, unhandledPromptBehavior: dismiss and notify, webauthn:extension:credBlob: true, webauthn:extension:largeBlob: true, webauthn:virtualAuthenticators: true}
Session ID: f26375c43d36b3b02fb09caa89a68694
*** Element info: {Using=xpath, value=(//button[@aria-valuemin='3000'])[1]}
at org.openqa.selenium.remote.http.W3CHttpResponseCodec.createException(W3CHttpResponseCodec.java:187)
at org.openqa.selenium.remote.http.W3CHttpResponseCodec.decode(W3CHttpResponseCodec.java:122)
at org.openqa.selenium.remote.http.W3CHttpResponseCodec.decode(W3CHttpResponseCodec.java:49)
at org.openqa.selenium.remote.HttpCommandExecutor.execute(HttpCommandExecutor.java:158)
at org.openqa.selenium.remote.service.DriverCommandExecutor.execute(DriverCommandExecutor.java:83)
at org.openqa.selenium.remote.RemoteWebDriver.execute(RemoteWebDriver.java:552)
at org.openqa.selenium.remote.RemoteWebDriver.findElement(RemoteWebDriver.java:323)
at org.openqa.selenium.remote.RemoteWebDriver.findElementByXPath(RemoteWebDriver.java:428)
at org.openqa.selenium.By$ByXPath.findElement(By.java:353)
at org.openqa.selenium.remote.RemoteWebDriver.findElement(RemoteWebDriver.java:315)
at com.cybertek.tests.day19_page_object_model.DragAndDropTest.cargurusPriceSliderTest(DragAndDropTest.java:52)
at java.util.ArrayList.forEach(ArrayList.java:1257)
... Removed 41 stack frames]]>
    </failure>
  </testcase> <!-- cargurusPriceSliderTest -->
  <testcase name="guru99DragAndDropTest" time="5.459" classname="com.cybertek.tests.day19_page_object_model.DragAndDropTest"/>
  <testcase name="testDemo" time="0.0" classname="com.cybertek.tests.day10_dropdow_alerts_iframes_windows.AmazonDepartmentNamesListTest">
    <ignored/>
  </testcase> <!-- testDemo -->
</testsuite> <!-- Command line test -->
