<!DOCTYPE html PUBLIC "-//W3C//DTD XHTML 1.1//EN" "https://www.w3.org/TR/xhtml11/DTD/xhtml11.dtd">
<html xmlns="https://www.w3.org/1999/xhtml">
<head>
<meta http-equiv="content-type" content="text/html; charset=UTF-8"/>
<title>TestNG Report</title>
<style type="text/css">table {margin-bottom:10px;border-collapse:collapse;empty-cells:show}th,td {border:1px solid #009;padding:.25em .5em}th {vertical-align:bottom}td {vertical-align:top}table a {font-weight:bold}.stripe td {background-color: #E6EBF9}.num {text-align:right}.passedodd td {background-color: #3F3}.passedeven td {background-color: #0A0}.skippedodd td {background-color: #DDD}.skippedeven td {background-color: #CCC}.failedodd td,.attn {background-color: #F33}.failedeven td,.stripe .attn {background-color: #D00}.stacktrace {white-space:pre;font-family:monospace}.totop {font-size:85%;text-align:center;border-bottom:2px solid #000}.invisible {display:none}</style>
</head>
<body>
<table>
<tr><th>Test</th><th># Passed</th><th># Skipped</th><th># Retried</th><th># Failed</th><th>Time (ms)</th><th>Included Groups</th><th>Excluded Groups</th></tr>
<tr><th colspan="8">Command line suite</th></tr>
<tr><td><a href="#t0">Command line test</a></td><td class="num">43</td><td class="num">0</td><td class="num">0</td><td class="num attn">7</td><td class="num">427,531</td><td></td><td></td></tr>
</table>
<table id='summary'><thead><tr><th>Class</th><th>Method</th><th>Start</th><th>Time (ms)</th></tr></thead><tbody><tr><th colspan="4">Command line suite</th></tr></tbody><tbody id="t0"><tr><th colspan="4">Command line test &#8212; failed</th></tr><tr class="failedeven"><td rowspan="1">com.cybertek.officeHours.oH04.placeOrderTest</td><td><a href="#m0">placeOrder</a></td><td rowspan="1">1639847112949</td><td rowspan="1">2127</td></tr><tr class="failedodd"><td rowspan="1">com.cybertek.tests.day08_implicitwait_checkbox_radio_testing.TestNGIntro</td><td><a href="#m1">test2</a></td><td rowspan="1">1639847115205</td><td rowspan="1">0</td></tr><tr class="failedeven"><td rowspan="1">com.cybertek.tests.day11_alerts_iframe_windows.AlertExamplesTest</td><td><a href="#m2">confirmAlertTest</a></td><td rowspan="1">1639847181217</td><td rowspan="1">345</td></tr><tr class="failedodd"><td rowspan="1">com.cybertek.tests.day16_download_js_executor.FileUploadTest</td><td><a href="#m3">uploadFileTest</a></td><td rowspan="1">1639847378303</td><td rowspan="1">1338</td></tr><tr class="failedeven"><td rowspan="1">com.cybertek.tests.day17_upload_js_executor.Guru99UploadTest</td><td><a href="#m4">uploadFileTest</a></td><td rowspan="1">1639847117265</td><td rowspan="1">1984</td></tr><tr class="failedodd"><td rowspan="1">com.cybertek.tests.day18_actions_pom_intro.ActionsDemoTest</td><td><a href="#m5">googleFeelingLuckyBtnHoverTest</a></td><td rowspan="1">1639847404638</td><td rowspan="1">12056</td></tr><tr class="failedeven"><td rowspan="1">com.cybertek.tests.day19_page_object_model.DragAndDropTest</td><td><a href="#m6">cargurusPriceSliderTest</a></td><td rowspan="1">1639847496979</td><td rowspan="1">29577</td></tr><tr><th colspan="4">Command line test &#8212; passed</th></tr><tr class="passedeven"><td rowspan="1">com.cybertek.tests.day08_implicitwait_checkbox_radio_testing.TestNGIntro</td><td><a href="#m7">test1</a></td><td rowspan="1">1639847115203</td><td rowspan="1">1</td></tr><tr class="passedodd"><td rowspan="2">com.cybertek.tests.day09_testing_dropdowns.DropDownTest</td><td><a href="#m8">simpleDropDownTest</a></td><td rowspan="1">1639847399927</td><td rowspan="1">204</td></tr><tr class="passedodd"><td><a href="#m9">titleTest</a></td><td rowspan="1">1639847402983</td><td rowspan="1">26</td></tr><tr class="passedeven"><td rowspan="2">com.cybertek.tests.day09_testing_dropdowns.TestNGIntro</td><td><a href="#m10">myTest2</a></td><td rowspan="1">1639847403013</td><td rowspan="1">0</td></tr><tr class="passedeven"><td><a href="#m11">test1</a></td><td rowspan="1">1639847403012</td><td rowspan="1">0</td></tr><tr class="passedodd"><td rowspan="1">com.cybertek.tests.day10_dropdow_alerts_iframes_windows.AmazonDepartmentNamesListTest</td><td><a href="#m12">amazonDepartmentTest</a></td><td rowspan="1">1639847229379</td><td rowspan="1">40884</td></tr><tr class="passedeven"><td rowspan="1">com.cybertek.tests.day10_dropdow_alerts_iframes_windows.CarGurusUsedCarSearchTest</td><td><a href="#m13">searchForMinivanTest</a></td><td rowspan="1">1639847281291</td><td rowspan="1">89670</td></tr><tr class="passedodd"><td rowspan="1">com.cybertek.tests.day10_dropdow_alerts_iframes_windows.HandingAlertsTest</td><td><a href="#m14">jsAlertsTest</a></td><td rowspan="1">1639847273566</td><td rowspan="1">237</td></tr><tr class="passedeven"><td rowspan="2">com.cybertek.tests.day11_alerts_iframe_windows.AlertExamplesTest</td><td><a href="#m15">infoAlertTest</a></td><td rowspan="1">1639847184010</td><td rowspan="1">448</td></tr><tr class="passedeven"><td><a href="#m16">promptAlertTest</a></td><td rowspan="1">1639847187079</td><td rowspan="1">3387</td></tr><tr class="passedodd"><td rowspan="2">com.cybertek.tests.day11_alerts_iframe_windows.IFrameExampleTest</td><td><a href="#m17">iframeTest</a></td><td rowspan="1">1639847167980</td><td rowspan="1">5355</td></tr><tr class="passedodd"><td><a href="#m18">multipleFramesTest</a></td><td rowspan="1">1639847177724</td><td rowspan="1">721</td></tr><tr class="passedeven"><td rowspan="2">com.cybertek.tests.day11_alerts_iframe_windows.MultipleWindowsExampleTest</td><td><a href="#m19">demoQAMultipleWindows</a></td><td rowspan="1">1639847191927</td><td rowspan="1">2987</td></tr><tr class="passedeven"><td><a href="#m20">windowsTest</a></td><td rowspan="1">1639847196726</td><td rowspan="1">1727</td></tr><tr class="passedodd"><td rowspan="1">com.cybertek.tests.day12_windows_practice_faker.DemoQAMultipleWindowsTest</td><td><a href="#m21">newWindowTest</a></td><td rowspan="1">1639847482945</td><td rowspan="1">4640</td></tr><tr class="passedeven"><td rowspan="1">com.cybertek.tests.day13_faker_practice_browserutil_properties.RegistrationFormNegativeTest</td><td><a href="#m22">invalidFirstNameTest</a></td><td rowspan="1">1639847382748</td><td rowspan="1">4648</td></tr><tr class="passedodd"><td rowspan="1">com.cybertek.tests.day13_faker_practice_browserutil_properties.RegistrationFormTest</td><td><a href="#m23">formTest</a></td><td rowspan="1">1639847390439</td><td rowspan="1">6533</td></tr><tr class="passedeven"><td rowspan="1">com.cybertek.tests.day14_utils_webtables_properties.SmartBearProductTest</td><td><a href="#m24">verifyLinksAfterLogin</a></td><td rowspan="1">1639847162643</td><td rowspan="1">956</td></tr><tr class="passedodd"><td rowspan="4">com.cybertek.tests.day14_utils_webtables_properties.WebTableDemoTest</td><td><a href="#m25">getAllColumnData</a></td><td rowspan="1">1639847150902</td><td rowspan="1">204</td></tr><tr class="passedodd"><td><a href="#m26">printAllTableDataTest</a></td><td rowspan="1">1639847153765</td><td rowspan="1">600</td></tr><tr class="passedodd"><td><a href="#m27">readFromTableTest</a></td><td rowspan="1">1639847157205</td><td rowspan="1">433</td></tr><tr class="passedodd"><td><a href="#m28">readNeighborCell</a></td><td rowspan="1">1639847160355</td><td rowspan="1">140</td></tr><tr class="passedeven"><td rowspan="1">com.cybertek.tests.day15_properties_driverutil_testbase.DriverUtilTest</td><td><a href="#m29">driverClasstest</a></td><td rowspan="1">1639847198465</td><td rowspan="1">19721</td></tr><tr class="passedodd"><td rowspan="2">com.cybertek.tests.day15_properties_driverutil_testbase.PropertiesFileTest</td><td><a href="#m30">configurationReaderUnitTest</a></td><td rowspan="1">1639847198461</td><td rowspan="1">1</td></tr><tr class="passedodd"><td><a href="#m31">readValuesFromPropertiesFile</a></td><td rowspan="1">1639847198462</td><td rowspan="1">2</td></tr><tr class="passedeven"><td rowspan="1">com.cybertek.tests.day15_properties_driverutil_testbase.SystemPropertiesTest</td><td><a href="#m32">readingSystemProperties</a></td><td rowspan="1">1639847218192</td><td rowspan="1">1</td></tr><tr class="passedodd"><td rowspan="1">com.cybertek.tests.day15_properties_driverutil_testbase.TechlisticWebtableTest</td><td><a href="#m33">tallBuildingsTableTest</a></td><td rowspan="1">1639847218197</td><td rowspan="1">5942</td></tr><tr class="passedeven"><td rowspan="1">com.cybertek.tests.day16_download_js_executor.FileDownloadTest</td><td><a href="#m34">fileDownloadTest</a></td><td rowspan="1">1639847373394</td><td rowspan="1">3379</td></tr><tr class="passedodd"><td rowspan="4">com.cybertek.tests.day17_upload_js_executor.JavaScriptExecutorTest</td><td><a href="#m35">alertExampleTest</a></td><td rowspan="1">1639847120749</td><td rowspan="1">2097</td></tr><tr class="passedodd"><td><a href="#m36">scrollTest</a></td><td rowspan="1">1639847124430</td><td rowspan="1">13660</td></tr><tr class="passedodd"><td><a href="#m37">scrollToElementTest</a></td><td rowspan="1">1639847139641</td><td rowspan="1">4114</td></tr><tr class="passedodd"><td><a href="#m38">setValueusingJSTest</a></td><td rowspan="1">1639847145224</td><td rowspan="1">3014</td></tr><tr class="passedeven"><td rowspan="2">com.cybertek.tests.day18_actions_pom_intro.ActionsDemoTest</td><td><a href="#m39">hoverElementTest</a></td><td rowspan="1">1639847418841</td><td rowspan="1">2867</td></tr><tr class="passedeven"><td><a href="#m40">hoverOverGroupElements</a></td><td rowspan="1">1639847423170</td><td rowspan="1">4518</td></tr><tr class="passedodd"><td rowspan="1">com.cybertek.tests.day18_actions_pom_intro.ActionsDoubleClickTest</td><td><a href="#m41">doubleClickForColorChange</a></td><td rowspan="1">1639847429149</td><td rowspan="1">10061</td></tr><tr class="passedeven"><td rowspan="1">com.cybertek.tests.day18_actions_pom_intro.ActionsDragAndDropTest</td><td><a href="#m42">dragAndDropTest</a></td><td rowspan="1">1639847452992</td><td rowspan="1">2811</td></tr><tr class="passedodd"><td rowspan="2">com.cybertek.tests.day18_actions_pom_intro.ActionsSendKeysTest</td><td><a href="#m43">rightClickTest</a></td><td rowspan="1">1639847457341</td><td rowspan="1">1886</td></tr><tr class="passedodd"><td><a href="#m44">scrollWithKeysTest</a></td><td rowspan="1">1639847460705</td><td rowspan="1">4437</td></tr><tr class="passedeven"><td rowspan="1">com.cybertek.tests.day18_actions_pom_intro.EtsySubscribeTest</td><td><a href="#m45">randomEmailSubscribeTest</a></td><td rowspan="1">1639847440799</td><td rowspan="1">10670</td></tr><tr class="passedodd"><td rowspan="1">com.cybertek.tests.day19_page_object_model.DragAndDropTest</td><td><a href="#m46">guru99DragAndDropTest</a></td><td rowspan="1">1639847528605</td><td rowspan="1">5459</td></tr><tr class="passedeven"><td rowspan="2">com.cybertek.tests.day19_page_object_model.LibraryLoginPOMTest</td><td><a href="#m47">invalidCredentialsTest</a></td><td rowspan="1">1639847489096</td><td rowspan="1">1627</td></tr><tr class="passedeven"><td><a href="#m48">positiveLoginTest</a></td><td rowspan="1">1639847492473</td><td rowspan="1">2981</td></tr><tr class="passedodd"><td rowspan="1">com.cybertek.tests.day20_review_wait.IframeActionsTest</td><td><a href="#m49">test</a></td><td rowspan="1">1639847466626</td><td rowspan="1">11737</td></tr></tbody>
</table>
<h2>Command line test</h2><h3 id="m0">com.cybertek.officeHours.oH04.placeOrderTest#placeOrder</h3><table class="result"><tr><th>Exception</th></tr><tr><td><div class="stacktrace">org.openqa.selenium.StaleElementReferenceException: stale element reference: element is not attached to the page document
  (Session info: chrome=96.0.4664.110)
For documentation on this error, please visit: https://www.seleniumhq.org/exceptions/stale_element_reference.html
Build info: version: &apos;3.141.59&apos;, revision: &apos;e82be7d358&apos;, time: &apos;2018-11-14T08:17:03&apos;
System info: host: &apos;Zeynabs-MacBook-Air.local&apos;, ip: &apos;fe80:0:0:0:81a:3b8b:484:a489%en0&apos;, os.name: &apos;Mac OS X&apos;, os.arch: &apos;x86_64&apos;, os.version: &apos;10.16&apos;, java.version: &apos;1.8.0_231&apos;
Driver info: org.openqa.selenium.chrome.ChromeDriver
Capabilities {acceptInsecureCerts: false, browserName: chrome, browserVersion: 96.0.4664.110, chrome: {chromedriverVersion: 96.0.4664.45 (76e4c1bb2ab46..., userDataDir: /var/folders/33/jjj5dygj359...}, goog:chromeOptions: {debuggerAddress: localhost:49465}, javascriptEnabled: true, networkConnectionEnabled: false, pageLoadStrategy: normal, platform: MAC, platformName: MAC, proxy: Proxy(), setWindowRect: true, strictFileInteractability: false, timeouts: {implicit: 0, pageLoad: 300000, script: 30000}, unhandledPromptBehavior: dismiss and notify, webauthn:extension:credBlob: true, webauthn:extension:largeBlob: true, webauthn:virtualAuthenticators: true}
Session ID: 6024a37fb23914e4eebfe92170a3a7cd
	at org.openqa.selenium.remote.http.W3CHttpResponseCodec.createException(W3CHttpResponseCodec.java:187)
	at org.openqa.selenium.remote.http.W3CHttpResponseCodec.decode(W3CHttpResponseCodec.java:122)
	at org.openqa.selenium.remote.http.W3CHttpResponseCodec.decode(W3CHttpResponseCodec.java:49)
	at org.openqa.selenium.remote.HttpCommandExecutor.execute(HttpCommandExecutor.java:158)
	at org.openqa.selenium.remote.service.DriverCommandExecutor.execute(DriverCommandExecutor.java:83)
	at org.openqa.selenium.remote.RemoteWebDriver.execute(RemoteWebDriver.java:552)
	at org.openqa.selenium.remote.RemoteWebElement.execute(RemoteWebElement.java:285)
	at org.openqa.selenium.remote.RemoteWebElement.click(RemoteWebElement.java:84)
	at com.cybertek.utils.officeUtils.addProduct(officeUtils.java:24)
	at com.cybertek.officeHours.oH04.placeOrderTest.placeOrder(placeOrderTest.java:35)
	at java.util.ArrayList.forEach(ArrayList.java:1257)
... Removed 41 stack frames</div></td></tr></table><p class="totop"><a href="#summary">back to summary</a></p>
<h3 id="m1">com.cybertek.tests.day08_implicitwait_checkbox_radio_testing.TestNGIntro#test2</h3><table class="result"><tr><th>Exception</th></tr><tr><td><div class="stacktrace">java.lang.ArithmeticException: / by zero
	at com.cybertek.tests.day08_implicitwait_checkbox_radio_testing.TestNGIntro.test2(TestNGIntro.java:13)
	at java.util.ArrayList.forEach(ArrayList.java:1257)
... Removed 37 stack frames</div></td></tr></table><p class="totop"><a href="#summary">back to summary</a></p>
<h3 id="m2">com.cybertek.tests.day11_alerts_iframe_windows.AlertExamplesTest#confirmAlertTest</h3><table class="result"><tr><th>Exception</th></tr><tr><td><div class="stacktrace">java.lang.AssertionError: expected [You successfuly clicked an alert] but found [You clicked: Cancel]
	at com.cybertek.tests.day11_alerts_iframe_windows.AlertExamplesTest.confirmAlertTest(AlertExamplesTest.java:64)
	at java.util.ArrayList.forEach(ArrayList.java:1257)
... Removed 43 stack frames</div></td></tr></table><p class="totop"><a href="#summary">back to summary</a></p>
<h3 id="m3">com.cybertek.tests.day16_download_js_executor.FileUploadTest#uploadFileTest</h3><table class="result"><tr><th>Exception</th></tr><tr><td><div class="stacktrace">org.openqa.selenium.InvalidArgumentException: invalid argument: File not found : /Users/zeynabnasibova/Downloads/some-file.txt
  (Session info: chrome=96.0.4664.110)
Build info: version: &apos;3.141.59&apos;, revision: &apos;e82be7d358&apos;, time: &apos;2018-11-14T08:17:03&apos;
System info: host: &apos;Zeynabs-MacBook-Air.local&apos;, ip: &apos;fe80:0:0:0:81a:3b8b:484:a489%en0&apos;, os.name: &apos;Mac OS X&apos;, os.arch: &apos;x86_64&apos;, os.version: &apos;10.16&apos;, java.version: &apos;1.8.0_231&apos;
Driver info: org.openqa.selenium.chrome.ChromeDriver
Capabilities {acceptInsecureCerts: false, browserName: chrome, browserVersion: 96.0.4664.110, chrome: {chromedriverVersion: 96.0.4664.45 (76e4c1bb2ab46..., userDataDir: /var/folders/33/jjj5dygj359...}, goog:chromeOptions: {debuggerAddress: localhost:50566}, javascriptEnabled: true, networkConnectionEnabled: false, pageLoadStrategy: normal, platform: MAC, platformName: MAC, proxy: Proxy(), setWindowRect: true, strictFileInteractability: false, timeouts: {implicit: 0, pageLoad: 300000, script: 30000}, unhandledPromptBehavior: dismiss and notify, webauthn:extension:credBlob: true, webauthn:extension:largeBlob: true, webauthn:virtualAuthenticators: true}
Session ID: dcd5519bd4312d00482ef73d20015dca
	at org.openqa.selenium.remote.http.W3CHttpResponseCodec.createException(W3CHttpResponseCodec.java:187)
	at org.openqa.selenium.remote.http.W3CHttpResponseCodec.decode(W3CHttpResponseCodec.java:122)
	at org.openqa.selenium.remote.http.W3CHttpResponseCodec.decode(W3CHttpResponseCodec.java:49)
	at org.openqa.selenium.remote.HttpCommandExecutor.execute(HttpCommandExecutor.java:158)
	at org.openqa.selenium.remote.service.DriverCommandExecutor.execute(DriverCommandExecutor.java:83)
	at org.openqa.selenium.remote.RemoteWebDriver.execute(RemoteWebDriver.java:552)
	at org.openqa.selenium.remote.RemoteWebElement.execute(RemoteWebElement.java:285)
	at org.openqa.selenium.remote.RemoteWebElement.sendKeys(RemoteWebElement.java:106)
	at com.cybertek.tests.day16_download_js_executor.FileUploadTest.uploadFileTest(FileUploadTest.java:16)
	at java.util.ArrayList.forEach(ArrayList.java:1257)
... Removed 41 stack frames</div></td></tr></table><p class="totop"><a href="#summary">back to summary</a></p>
<h3 id="m4">com.cybertek.tests.day17_upload_js_executor.Guru99UploadTest#uploadFileTest</h3><table class="result"><tr><th>Exception</th></tr><tr><td><div class="stacktrace">org.openqa.selenium.InvalidArgumentException: invalid argument: File not found : /Users/zeynabnasibova/Downloads/some-file.txt
  (Session info: chrome=96.0.4664.110)
Build info: version: &apos;3.141.59&apos;, revision: &apos;e82be7d358&apos;, time: &apos;2018-11-14T08:17:03&apos;
System info: host: &apos;Zeynabs-MacBook-Air.local&apos;, ip: &apos;fe80:0:0:0:81a:3b8b:484:a489%en0&apos;, os.name: &apos;Mac OS X&apos;, os.arch: &apos;x86_64&apos;, os.version: &apos;10.16&apos;, java.version: &apos;1.8.0_231&apos;
Driver info: org.openqa.selenium.chrome.ChromeDriver
Capabilities {acceptInsecureCerts: false, browserName: chrome, browserVersion: 96.0.4664.110, chrome: {chromedriverVersion: 96.0.4664.45 (76e4c1bb2ab46..., userDataDir: /var/folders/33/jjj5dygj359...}, goog:chromeOptions: {debuggerAddress: localhost:49481}, javascriptEnabled: true, networkConnectionEnabled: false, pageLoadStrategy: normal, platform: MAC, platformName: MAC, proxy: Proxy(), setWindowRect: true, strictFileInteractability: false, timeouts: {implicit: 0, pageLoad: 300000, script: 30000}, unhandledPromptBehavior: dismiss and notify, webauthn:extension:credBlob: true, webauthn:extension:largeBlob: true, webauthn:virtualAuthenticators: true}
Session ID: 97da46b27c3dac247acf38dec491dc02
	at org.openqa.selenium.remote.http.W3CHttpResponseCodec.createException(W3CHttpResponseCodec.java:187)
	at org.openqa.selenium.remote.http.W3CHttpResponseCodec.decode(W3CHttpResponseCodec.java:122)
	at org.openqa.selenium.remote.http.W3CHttpResponseCodec.decode(W3CHttpResponseCodec.java:49)
	at org.openqa.selenium.remote.HttpCommandExecutor.execute(HttpCommandExecutor.java:158)
	at org.openqa.selenium.remote.service.DriverCommandExecutor.execute(DriverCommandExecutor.java:83)
	at org.openqa.selenium.remote.RemoteWebDriver.execute(RemoteWebDriver.java:552)
	at org.openqa.selenium.remote.RemoteWebElement.execute(RemoteWebElement.java:285)
	at org.openqa.selenium.remote.RemoteWebElement.sendKeys(RemoteWebElement.java:106)
	at com.cybertek.tests.day17_upload_js_executor.Guru99UploadTest.uploadFileTest(Guru99UploadTest.java:29)
	at java.util.ArrayList.forEach(ArrayList.java:1257)
... Removed 41 stack frames</div></td></tr></table><p class="totop"><a href="#summary">back to summary</a></p>
<h3 id="m5">com.cybertek.tests.day18_actions_pom_intro.ActionsDemoTest#googleFeelingLuckyBtnHoverTest</h3><table class="result"><tr><th>Exception</th></tr><tr><td><div class="stacktrace">org.openqa.selenium.NoSuchElementException: no such element: Unable to locate element: {&quot;method&quot;:&quot;xpath&quot;,&quot;selector&quot;:&quot;//div[@class=&apos;FPdoLc&apos;]&quot;}
  (Session info: chrome=96.0.4664.110)
For documentation on this error, please visit: https://www.seleniumhq.org/exceptions/no_such_element.html
Build info: version: &apos;3.141.59&apos;, revision: &apos;e82be7d358&apos;, time: &apos;2018-11-14T08:17:03&apos;
System info: host: &apos;Zeynabs-MacBook-Air.local&apos;, ip: &apos;fe80:0:0:0:81a:3b8b:484:a489%en0&apos;, os.name: &apos;Mac OS X&apos;, os.arch: &apos;x86_64&apos;, os.version: &apos;10.16&apos;, java.version: &apos;1.8.0_231&apos;
Driver info: org.openqa.selenium.chrome.ChromeDriver
Capabilities {acceptInsecureCerts: false, browserName: chrome, browserVersion: 96.0.4664.110, chrome: {chromedriverVersion: 96.0.4664.45 (76e4c1bb2ab46..., userDataDir: /var/folders/33/jjj5dygj359...}, goog:chromeOptions: {debuggerAddress: localhost:50711}, javascriptEnabled: true, networkConnectionEnabled: false, pageLoadStrategy: normal, platform: MAC, platformName: MAC, proxy: Proxy(), setWindowRect: true, strictFileInteractability: false, timeouts: {implicit: 0, pageLoad: 300000, script: 30000}, unhandledPromptBehavior: dismiss and notify, webauthn:extension:credBlob: true, webauthn:extension:largeBlob: true, webauthn:virtualAuthenticators: true}
Session ID: 1bc6ec75c66f386ec7418121922b3210
*** Element info: {Using=xpath, value=//div[@class=&apos;FPdoLc&apos;]}
	at org.openqa.selenium.remote.http.W3CHttpResponseCodec.createException(W3CHttpResponseCodec.java:187)
	at org.openqa.selenium.remote.http.W3CHttpResponseCodec.decode(W3CHttpResponseCodec.java:122)
	at org.openqa.selenium.remote.http.W3CHttpResponseCodec.decode(W3CHttpResponseCodec.java:49)
	at org.openqa.selenium.remote.HttpCommandExecutor.execute(HttpCommandExecutor.java:158)
	at org.openqa.selenium.remote.service.DriverCommandExecutor.execute(DriverCommandExecutor.java:83)
	at org.openqa.selenium.remote.RemoteWebDriver.execute(RemoteWebDriver.java:552)
	at org.openqa.selenium.remote.RemoteWebDriver.findElement(RemoteWebDriver.java:323)
	at org.openqa.selenium.remote.RemoteWebDriver.findElementByXPath(RemoteWebDriver.java:428)
	at org.openqa.selenium.By$ByXPath.findElement(By.java:353)
	at org.openqa.selenium.remote.RemoteWebDriver.findElement(RemoteWebDriver.java:315)
	at com.cybertek.tests.day18_actions_pom_intro.ActionsDemoTest.googleFeelingLuckyBtnHoverTest(ActionsDemoTest.java:55)
	at java.util.ArrayList.forEach(ArrayList.java:1257)
... Removed 41 stack frames</div></td></tr></table><p class="totop"><a href="#summary">back to summary</a></p>
<h3 id="m6">com.cybertek.tests.day19_page_object_model.DragAndDropTest#cargurusPriceSliderTest</h3><table class="result"><tr><th>Exception</th></tr><tr><td><div class="stacktrace">org.openqa.selenium.NoSuchElementException: no such element: Unable to locate element: {&quot;method&quot;:&quot;xpath&quot;,&quot;selector&quot;:&quot;(//button[@aria-valuemin=&apos;3000&apos;])[1]&quot;}
  (Session info: chrome=96.0.4664.110)
For documentation on this error, please visit: https://www.seleniumhq.org/exceptions/no_such_element.html
Build info: version: &apos;3.141.59&apos;, revision: &apos;e82be7d358&apos;, time: &apos;2018-11-14T08:17:03&apos;
System info: host: &apos;Zeynabs-MacBook-Air.local&apos;, ip: &apos;fe80:0:0:0:81a:3b8b:484:a489%en0&apos;, os.name: &apos;Mac OS X&apos;, os.arch: &apos;x86_64&apos;, os.version: &apos;10.16&apos;, java.version: &apos;1.8.0_231&apos;
Driver info: org.openqa.selenium.chrome.ChromeDriver
Capabilities {acceptInsecureCerts: false, browserName: chrome, browserVersion: 96.0.4664.110, chrome: {chromedriverVersion: 96.0.4664.45 (76e4c1bb2ab46..., userDataDir: /var/folders/33/jjj5dygj359...}, goog:chromeOptions: {debuggerAddress: localhost:51542}, javascriptEnabled: true, networkConnectionEnabled: false, pageLoadStrategy: normal, platform: MAC, platformName: MAC, proxy: Proxy(), setWindowRect: true, strictFileInteractability: false, timeouts: {implicit: 0, pageLoad: 300000, script: 30000}, unhandledPromptBehavior: dismiss and notify, webauthn:extension:credBlob: true, webauthn:extension:largeBlob: true, webauthn:virtualAuthenticators: true}
Session ID: f26375c43d36b3b02fb09caa89a68694
*** Element info: {Using=xpath, value=(//button[@aria-valuemin=&apos;3000&apos;])[1]}
	at org.openqa.selenium.remote.http.W3CHttpResponseCodec.createException(W3CHttpResponseCodec.java:187)
	at org.openqa.selenium.remote.http.W3CHttpResponseCodec.decode(W3CHttpResponseCodec.java:122)
	at org.openqa.selenium.remote.http.W3CHttpResponseCodec.decode(W3CHttpResponseCodec.java:49)
	at org.openqa.selenium.remote.HttpCommandExecutor.execute(HttpCommandExecutor.java:158)
	at org.openqa.selenium.remote.service.DriverCommandExecutor.execute(DriverCommandExecutor.java:83)
	at org.openqa.selenium.remote.RemoteWebDriver.execute(RemoteWebDriver.java:552)
	at org.openqa.selenium.remote.RemoteWebDriver.findElement(RemoteWebDriver.java:323)
	at org.openqa.selenium.remote.RemoteWebDriver.findElementByXPath(RemoteWebDriver.java:428)
	at org.openqa.selenium.By$ByXPath.findElement(By.java:353)
	at org.openqa.selenium.remote.RemoteWebDriver.findElement(RemoteWebDriver.java:315)
	at com.cybertek.tests.day19_page_object_model.DragAndDropTest.cargurusPriceSliderTest(DragAndDropTest.java:52)
	at java.util.ArrayList.forEach(ArrayList.java:1257)
... Removed 41 stack frames</div></td></tr></table><p class="totop"><a href="#summary">back to summary</a></p>
<h3 id="m7">com.cybertek.tests.day08_implicitwait_checkbox_radio_testing.TestNGIntro#test1</h3><table class="result"><tr><th class="invisible"/></tr></table><p class="totop"><a href="#summary">back to summary</a></p>
<h3 id="m8">com.cybertek.tests.day09_testing_dropdowns.DropDownTest#simpleDropDownTest</h3><table class="result"><tr><th class="invisible"/></tr></table><p class="totop"><a href="#summary">back to summary</a></p>
<h3 id="m9">com.cybertek.tests.day09_testing_dropdowns.DropDownTest#titleTest</h3><table class="result"><tr><th class="invisible"/></tr></table><p class="totop"><a href="#summary">back to summary</a></p>
<h3 id="m10">com.cybertek.tests.day09_testing_dropdowns.TestNGIntro#myTest2</h3><table class="result"><tr><th class="invisible"/></tr></table><p class="totop"><a href="#summary">back to summary</a></p>
<h3 id="m11">com.cybertek.tests.day09_testing_dropdowns.TestNGIntro#test1</h3><table class="result"><tr><th class="invisible"/></tr></table><p class="totop"><a href="#summary">back to summary</a></p>
<h3 id="m12">com.cybertek.tests.day10_dropdow_alerts_iframes_windows.AmazonDepartmentNamesListTest#amazonDepartmentTest</h3><table class="result"><tr><th class="invisible"/></tr></table><p class="totop"><a href="#summary">back to summary</a></p>
<h3 id="m13">com.cybertek.tests.day10_dropdow_alerts_iframes_windows.CarGurusUsedCarSearchTest#searchForMinivanTest</h3><table class="result"><tr><th class="invisible"/></tr></table><p class="totop"><a href="#summary">back to summary</a></p>
<h3 id="m14">com.cybertek.tests.day10_dropdow_alerts_iframes_windows.HandingAlertsTest#jsAlertsTest</h3><table class="result"><tr><th class="invisible"/></tr></table><p class="totop"><a href="#summary">back to summary</a></p>
<h3 id="m15">com.cybertek.tests.day11_alerts_iframe_windows.AlertExamplesTest#infoAlertTest</h3><table class="result"><tr><th class="invisible"/></tr></table><p class="totop"><a href="#summary">back to summary</a></p>
<h3 id="m16">com.cybertek.tests.day11_alerts_iframe_windows.AlertExamplesTest#promptAlertTest</h3><table class="result"><tr><th class="invisible"/></tr></table><p class="totop"><a href="#summary">back to summary</a></p>
<h3 id="m17">com.cybertek.tests.day11_alerts_iframe_windows.IFrameExampleTest#iframeTest</h3><table class="result"><tr><th class="invisible"/></tr></table><p class="totop"><a href="#summary">back to summary</a></p>
<h3 id="m18">com.cybertek.tests.day11_alerts_iframe_windows.IFrameExampleTest#multipleFramesTest</h3><table class="result"><tr><th class="invisible"/></tr></table><p class="totop"><a href="#summary">back to summary</a></p>
<h3 id="m19">com.cybertek.tests.day11_alerts_iframe_windows.MultipleWindowsExampleTest#demoQAMultipleWindows</h3><table class="result"><tr><th class="invisible"/></tr></table><p class="totop"><a href="#summary">back to summary</a></p>
<h3 id="m20">com.cybertek.tests.day11_alerts_iframe_windows.MultipleWindowsExampleTest#windowsTest</h3><table class="result"><tr><th class="invisible"/></tr></table><p class="totop"><a href="#summary">back to summary</a></p>
<h3 id="m21">com.cybertek.tests.day12_windows_practice_faker.DemoQAMultipleWindowsTest#newWindowTest</h3><table class="result"><tr><th class="invisible"/></tr></table><p class="totop"><a href="#summary">back to summary</a></p>
<h3 id="m22">com.cybertek.tests.day13_faker_practice_browserutil_properties.RegistrationFormNegativeTest#invalidFirstNameTest</h3><table class="result"><tr><th class="invisible"/></tr></table><p class="totop"><a href="#summary">back to summary</a></p>
<h3 id="m23">com.cybertek.tests.day13_faker_practice_browserutil_properties.RegistrationFormTest#formTest</h3><table class="result"><tr><th class="invisible"/></tr></table><p class="totop"><a href="#summary">back to summary</a></p>
<h3 id="m24">com.cybertek.tests.day14_utils_webtables_properties.SmartBearProductTest#verifyLinksAfterLogin</h3><table class="result"><tr><th class="invisible"/></tr></table><p class="totop"><a href="#summary">back to summary</a></p>
<h3 id="m25">com.cybertek.tests.day14_utils_webtables_properties.WebTableDemoTest#getAllColumnData</h3><table class="result"><tr><th class="invisible"/></tr></table><p class="totop"><a href="#summary">back to summary</a></p>
<h3 id="m26">com.cybertek.tests.day14_utils_webtables_properties.WebTableDemoTest#printAllTableDataTest</h3><table class="result"><tr><th class="invisible"/></tr></table><p class="totop"><a href="#summary">back to summary</a></p>
<h3 id="m27">com.cybertek.tests.day14_utils_webtables_properties.WebTableDemoTest#readFromTableTest</h3><table class="result"><tr><th class="invisible"/></tr></table><p class="totop"><a href="#summary">back to summary</a></p>
<h3 id="m28">com.cybertek.tests.day14_utils_webtables_properties.WebTableDemoTest#readNeighborCell</h3><table class="result"><tr><th class="invisible"/></tr></table><p class="totop"><a href="#summary">back to summary</a></p>
<h3 id="m29">com.cybertek.tests.day15_properties_driverutil_testbase.DriverUtilTest#driverClasstest</h3><table class="result"><tr><th class="invisible"/></tr></table><p class="totop"><a href="#summary">back to summary</a></p>
<h3 id="m30">com.cybertek.tests.day15_properties_driverutil_testbase.PropertiesFileTest#configurationReaderUnitTest</h3><table class="result"><tr><th class="invisible"/></tr></table><p class="totop"><a href="#summary">back to summary</a></p>
<h3 id="m31">com.cybertek.tests.day15_properties_driverutil_testbase.PropertiesFileTest#readValuesFromPropertiesFile</h3><table class="result"><tr><th class="invisible"/></tr></table><p class="totop"><a href="#summary">back to summary</a></p>
<h3 id="m32">com.cybertek.tests.day15_properties_driverutil_testbase.SystemPropertiesTest#readingSystemProperties</h3><table class="result"><tr><th class="invisible"/></tr></table><p class="totop"><a href="#summary">back to summary</a></p>
<h3 id="m33">com.cybertek.tests.day15_properties_driverutil_testbase.TechlisticWebtableTest#tallBuildingsTableTest</h3><table class="result"><tr><th class="invisible"/></tr></table><p class="totop"><a href="#summary">back to summary</a></p>
<h3 id="m34">com.cybertek.tests.day16_download_js_executor.FileDownloadTest#fileDownloadTest</h3><table class="result"><tr><th class="invisible"/></tr></table><p class="totop"><a href="#summary">back to summary</a></p>
<h3 id="m35">com.cybertek.tests.day17_upload_js_executor.JavaScriptExecutorTest#alertExampleTest</h3><table class="result"><tr><th class="invisible"/></tr></table><p class="totop"><a href="#summary">back to summary</a></p>
<h3 id="m36">com.cybertek.tests.day17_upload_js_executor.JavaScriptExecutorTest#scrollTest</h3><table class="result"><tr><th class="invisible"/></tr></table><p class="totop"><a href="#summary">back to summary</a></p>
<h3 id="m37">com.cybertek.tests.day17_upload_js_executor.JavaScriptExecutorTest#scrollToElementTest</h3><table class="result"><tr><th class="invisible"/></tr></table><p class="totop"><a href="#summary">back to summary</a></p>
<h3 id="m38">com.cybertek.tests.day17_upload_js_executor.JavaScriptExecutorTest#setValueusingJSTest</h3><table class="result"><tr><th class="invisible"/></tr></table><p class="totop"><a href="#summary">back to summary</a></p>
<h3 id="m39">com.cybertek.tests.day18_actions_pom_intro.ActionsDemoTest#hoverElementTest</h3><table class="result"><tr><th class="invisible"/></tr></table><p class="totop"><a href="#summary">back to summary</a></p>
<h3 id="m40">com.cybertek.tests.day18_actions_pom_intro.ActionsDemoTest#hoverOverGroupElements</h3><table class="result"><tr><th class="invisible"/></tr></table><p class="totop"><a href="#summary">back to summary</a></p>
<h3 id="m41">com.cybertek.tests.day18_actions_pom_intro.ActionsDoubleClickTest#doubleClickForColorChange</h3><table class="result"><tr><th class="invisible"/></tr></table><p class="totop"><a href="#summary">back to summary</a></p>
<h3 id="m42">com.cybertek.tests.day18_actions_pom_intro.ActionsDragAndDropTest#dragAndDropTest</h3><table class="result"><tr><th class="invisible"/></tr></table><p class="totop"><a href="#summary">back to summary</a></p>
<h3 id="m43">com.cybertek.tests.day18_actions_pom_intro.ActionsSendKeysTest#rightClickTest</h3><table class="result"><tr><th class="invisible"/></tr></table><p class="totop"><a href="#summary">back to summary</a></p>
<h3 id="m44">com.cybertek.tests.day18_actions_pom_intro.ActionsSendKeysTest#scrollWithKeysTest</h3><table class="result"><tr><th class="invisible"/></tr></table><p class="totop"><a href="#summary">back to summary</a></p>
<h3 id="m45">com.cybertek.tests.day18_actions_pom_intro.EtsySubscribeTest#randomEmailSubscribeTest</h3><table class="result"><tr><th class="invisible"/></tr></table><p class="totop"><a href="#summary">back to summary</a></p>
<h3 id="m46">com.cybertek.tests.day19_page_object_model.DragAndDropTest#guru99DragAndDropTest</h3><table class="result"><tr><th class="invisible"/></tr></table><p class="totop"><a href="#summary">back to summary</a></p>
<h3 id="m47">com.cybertek.tests.day19_page_object_model.LibraryLoginPOMTest#invalidCredentialsTest</h3><table class="result"><tr><th class="invisible"/></tr></table><p class="totop"><a href="#summary">back to summary</a></p>
<h3 id="m48">com.cybertek.tests.day19_page_object_model.LibraryLoginPOMTest#positiveLoginTest</h3><table class="result"><tr><th class="invisible"/></tr></table><p class="totop"><a href="#summary">back to summary</a></p>
<h3 id="m49">com.cybertek.tests.day20_review_wait.IframeActionsTest#test</h3><table class="result"><tr><th class="invisible"/></tr></table><p class="totop"><a href="#summary">back to summary</a></p>
</body>
</html>
