<?xml version="1.0" encoding="UTF-8"?>
<testng-results skipped="0" failed="7" ignored="1" total="51" passed="43">
  <reporter-output>
  </reporter-output>
  <suite name="Command line suite" duration-ms="427531" started-at="2021-12-18T12:05:06 EST" finished-at="2021-12-18T12:12:14 EST">
    <groups>
    </groups>
    <test name="Command line test" duration-ms="427531" started-at="2021-12-18T12:05:06 EST" finished-at="2021-12-18T12:12:14 EST">
      <class name="com.cybertek.tests.day18_actions_pom_intro.EtsySubscribeTest">
        <test-method status="PASS" signature="setUp()[pri:0, instance:com.cybertek.tests.day18_actions_pom_intro.EtsySubscribeTest@42eca56e]" name="setUp" is-config="true" duration-ms="1350" started-at="2021-12-18T12:10:39 EST" finished-at="2021-12-18T12:10:40 EST">
          <reporter-output>
          </reporter-output>
        </test-method> <!-- setUp -->
        <test-method status="PASS" signature="randomEmailSubscribeTest()[pri:0, instance:com.cybertek.tests.day18_actions_pom_intro.EtsySubscribeTest@42eca56e]" name="randomEmailSubscribeTest" duration-ms="10670" started-at="2021-12-18T12:10:40 EST" finished-at="2021-12-18T12:10:51 EST">
          <reporter-output>
          </reporter-output>
        </test-method> <!-- randomEmailSubscribeTest -->
        <test-method status="PASS" signature="tearDown()[pri:0, instance:com.cybertek.tests.day18_actions_pom_intro.EtsySubscribeTest@42eca56e]" name="tearDown" is-config="true" duration-ms="90" started-at="2021-12-18T12:10:51 EST" finished-at="2021-12-18T12:10:51 EST">
          <reporter-output>
          </reporter-output>
        </test-method> <!-- tearDown -->
      </class> <!-- com.cybertek.tests.day18_actions_pom_intro.EtsySubscribeTest -->
      <class name="com.cybertek.tests.day11_alerts_iframe_windows.AlertExamplesTest">
        <test-method status="PASS" signature="setUp()[pri:0, instance:com.cybertek.tests.day11_alerts_iframe_windows.AlertExamplesTest@11758f2a]" name="setUp" is-config="true" duration-ms="2765" started-at="2021-12-18T12:06:18 EST" finished-at="2021-12-18T12:06:21 EST">
          <reporter-output>
          </reporter-output>
        </test-method> <!-- setUp -->
        <test-method status="FAIL" signature="confirmAlertTest()[pri:0, instance:com.cybertek.tests.day11_alerts_iframe_windows.AlertExamplesTest@11758f2a]" name="confirmAlertTest" duration-ms="345" started-at="2021-12-18T12:06:21 EST" finished-at="2021-12-18T12:06:21 EST">
          <exception class="java.lang.AssertionError">
            <message>
              <![CDATA[expected [You successfuly clicked an alert] but found [You clicked: Cancel]]]>
            </message>
            <full-stacktrace>
              <![CDATA[java.lang.AssertionError: expected [You successfuly clicked an alert] but found [You clicked: Cancel]
at org.testng.Assert.fail(Assert.java:99)
at org.testng.Assert.failNotEquals(Assert.java:1037)
at org.testng.Assert.assertEqualsImpl(Assert.java:140)
at org.testng.Assert.assertEquals(Assert.java:122)
at org.testng.Assert.assertEquals(Assert.java:629)
at org.testng.Assert.assertEquals(Assert.java:639)
at com.cybertek.tests.day11_alerts_iframe_windows.AlertExamplesTest.confirmAlertTest(AlertExamplesTest.java:64)
at sun.reflect.NativeMethodAccessorImpl.invoke0(Native Method)
at sun.reflect.NativeMethodAccessorImpl.invoke(NativeMethodAccessorImpl.java:62)
at sun.reflect.DelegatingMethodAccessorImpl.invoke(DelegatingMethodAccessorImpl.java:43)
at java.lang.reflect.Method.invoke(Method.java:498)
at org.testng.internal.MethodInvocationHelper.invokeMethod(MethodInvocationHelper.java:133)
at org.testng.internal.TestInvoker.invokeMethod(TestInvoker.java:598)
at org.testng.internal.TestInvoker.invokeTestMethod(TestInvoker.java:173)
at org.testng.internal.MethodRunner.runInSequence(MethodRunner.java:46)
at org.testng.internal.TestInvoker$MethodInvocationAgent.invoke(TestInvoker.java:824)
at org.testng.internal.TestInvoker.invokeTestMethods(TestInvoker.java:146)
at org.testng.internal.TestMethodWorker.invokeTestMethods(TestMethodWorker.java:146)
at org.testng.internal.TestMethodWorker.run(TestMethodWorker.java:128)
at java.util.ArrayList.forEach(ArrayList.java:1257)
at org.testng.TestRunner.privateRun(TestRunner.java:794)
at org.testng.TestRunner.run(TestRunner.java:596)
at org.testng.SuiteRunner.runTest(SuiteRunner.java:377)
at org.testng.SuiteRunner.runSequentially(SuiteRunner.java:371)
at org.testng.SuiteRunner.privateRun(SuiteRunner.java:332)
at org.testng.SuiteRunner.run(SuiteRunner.java:276)
at org.testng.SuiteRunnerWorker.runSuite(SuiteRunnerWorker.java:53)
at org.testng.SuiteRunnerWorker.run(SuiteRunnerWorker.java:96)
at org.testng.TestNG.runSuitesSequentially(TestNG.java:1212)
at org.testng.TestNG.runSuitesLocally(TestNG.java:1134)
at org.testng.TestNG.runSuites(TestNG.java:1063)
at org.testng.TestNG.run(TestNG.java:1031)
at org.apache.maven.surefire.testng.TestNGExecutor.run(TestNGExecutor.java:77)
at org.apache.maven.surefire.testng.TestNGDirectoryTestSuite.executeMulti(TestNGDirectoryTestSuite.java:159)
at org.apache.maven.surefire.testng.TestNGDirectoryTestSuite.execute(TestNGDirectoryTestSuite.java:99)
at org.apache.maven.surefire.testng.TestNGProvider.invoke(TestNGProvider.java:106)
at sun.reflect.NativeMethodAccessorImpl.invoke0(Native Method)
at sun.reflect.NativeMethodAccessorImpl.invoke(NativeMethodAccessorImpl.java:62)
at sun.reflect.DelegatingMethodAccessorImpl.invoke(DelegatingMethodAccessorImpl.java:43)
at java.lang.reflect.Method.invoke(Method.java:498)
at org.apache.maven.surefire.util.ReflectionUtils.invokeMethodWithArray(ReflectionUtils.java:189)
at org.apache.maven.surefire.booter.ProviderFactory$ProviderProxy.invoke(ProviderFactory.java:165)
at org.apache.maven.surefire.booter.ProviderFactory.invokeProvider(ProviderFactory.java:85)
at org.apache.maven.surefire.booter.ForkedBooter.runSuitesInProcess(ForkedBooter.java:115)
at org.apache.maven.surefire.booter.ForkedBooter.main(ForkedBooter.java:75)
]]>
            </full-stacktrace>
          </exception> <!-- java.lang.AssertionError -->
          <reporter-output>
          </reporter-output>
        </test-method> <!-- confirmAlertTest -->
        <test-method status="PASS" signature="setUp()[pri:0, instance:com.cybertek.tests.day11_alerts_iframe_windows.AlertExamplesTest@11758f2a]" name="setUp" is-config="true" duration-ms="2444" started-at="2021-12-18T12:06:21 EST" finished-at="2021-12-18T12:06:24 EST">
          <reporter-output>
          </reporter-output>
        </test-method> <!-- setUp -->
        <test-method status="PASS" signature="infoAlertTest()[pri:0, instance:com.cybertek.tests.day11_alerts_iframe_windows.AlertExamplesTest@11758f2a]" name="infoAlertTest" duration-ms="448" started-at="2021-12-18T12:06:24 EST" finished-at="2021-12-18T12:06:24 EST">
          <reporter-output>
          </reporter-output>
        </test-method> <!-- infoAlertTest -->
        <test-method status="PASS" signature="setUp()[pri:0, instance:com.cybertek.tests.day11_alerts_iframe_windows.AlertExamplesTest@11758f2a]" name="setUp" is-config="true" duration-ms="2616" started-at="2021-12-18T12:06:24 EST" finished-at="2021-12-18T12:06:27 EST">
          <reporter-output>
          </reporter-output>
        </test-method> <!-- setUp -->
        <test-method status="PASS" signature="promptAlertTest()[pri:0, instance:com.cybertek.tests.day11_alerts_iframe_windows.AlertExamplesTest@11758f2a]" name="promptAlertTest" duration-ms="3387" started-at="2021-12-18T12:06:27 EST" finished-at="2021-12-18T12:06:30 EST">
          <reporter-output>
          </reporter-output>
        </test-method> <!-- promptAlertTest -->
      </class> <!-- com.cybertek.tests.day11_alerts_iframe_windows.AlertExamplesTest -->
      <class name="com.cybertek.tests.day16_download_js_executor.FileDownloadTest">
        <test-method status="PASS" signature="setUp()[pri:0, instance:com.cybertek.tests.day16_download_js_executor.FileDownloadTest@4a87761d]" name="setUp" is-config="true" duration-ms="2242" started-at="2021-12-18T12:09:31 EST" finished-at="2021-12-18T12:09:33 EST">
          <reporter-output>
          </reporter-output>
        </test-method> <!-- setUp -->
        <test-method status="PASS" signature="fileDownloadTest()[pri:0, instance:com.cybertek.tests.day16_download_js_executor.FileDownloadTest@4a87761d]" name="fileDownloadTest" duration-ms="3379" started-at="2021-12-18T12:09:33 EST" finished-at="2021-12-18T12:09:36 EST">
          <reporter-output>
          </reporter-output>
        </test-method> <!-- fileDownloadTest -->
        <test-method status="PASS" signature="tearDown()[pri:0, instance:com.cybertek.tests.day16_download_js_executor.FileDownloadTest@4a87761d]" name="tearDown" is-config="true" duration-ms="82" started-at="2021-12-18T12:09:36 EST" finished-at="2021-12-18T12:09:36 EST">
          <reporter-output>
          </reporter-output>
        </test-method> <!-- tearDown -->
      </class> <!-- com.cybertek.tests.day16_download_js_executor.FileDownloadTest -->
      <class name="com.cybertek.tests.day08_implicitwait_checkbox_radio_testing.TestNGIntro">
        <test-method status="PASS" signature="test1()[pri:0, instance:com.cybertek.tests.day08_implicitwait_checkbox_radio_testing.TestNGIntro@6121c9d6]" name="test1" duration-ms="1" started-at="2021-12-18T12:05:15 EST" finished-at="2021-12-18T12:05:15 EST">
          <reporter-output>
          </reporter-output>
        </test-method> <!-- test1 -->
        <test-method status="FAIL" signature="test2()[pri:0, instance:com.cybertek.tests.day08_implicitwait_checkbox_radio_testing.TestNGIntro@6121c9d6]" name="test2" duration-ms="0" started-at="2021-12-18T12:05:15 EST" finished-at="2021-12-18T12:05:15 EST">
          <exception class="java.lang.ArithmeticException">
            <message>
              <![CDATA[/ by zero]]>
            </message>
            <full-stacktrace>
              <![CDATA[java.lang.ArithmeticException: / by zero
at com.cybertek.tests.day08_implicitwait_checkbox_radio_testing.TestNGIntro.test2(TestNGIntro.java:13)
at sun.reflect.NativeMethodAccessorImpl.invoke0(Native Method)
at sun.reflect.NativeMethodAccessorImpl.invoke(NativeMethodAccessorImpl.java:62)
at sun.reflect.DelegatingMethodAccessorImpl.invoke(DelegatingMethodAccessorImpl.java:43)
at java.lang.reflect.Method.invoke(Method.java:498)
at org.testng.internal.MethodInvocationHelper.invokeMethod(MethodInvocationHelper.java:133)
at org.testng.internal.TestInvoker.invokeMethod(TestInvoker.java:598)
at org.testng.internal.TestInvoker.invokeTestMethod(TestInvoker.java:173)
at org.testng.internal.MethodRunner.runInSequence(MethodRunner.java:46)
at org.testng.internal.TestInvoker$MethodInvocationAgent.invoke(TestInvoker.java:824)
at org.testng.internal.TestInvoker.invokeTestMethods(TestInvoker.java:146)
at org.testng.internal.TestMethodWorker.invokeTestMethods(TestMethodWorker.java:146)
at org.testng.internal.TestMethodWorker.run(TestMethodWorker.java:128)
at java.util.ArrayList.forEach(ArrayList.java:1257)
at org.testng.TestRunner.privateRun(TestRunner.java:794)
at org.testng.TestRunner.run(TestRunner.java:596)
at org.testng.SuiteRunner.runTest(SuiteRunner.java:377)
at org.testng.SuiteRunner.runSequentially(SuiteRunner.java:371)
at org.testng.SuiteRunner.privateRun(SuiteRunner.java:332)
at org.testng.SuiteRunner.run(SuiteRunner.java:276)
at org.testng.SuiteRunnerWorker.runSuite(SuiteRunnerWorker.java:53)
at org.testng.SuiteRunnerWorker.run(SuiteRunnerWorker.java:96)
at org.testng.TestNG.runSuitesSequentially(TestNG.java:1212)
at org.testng.TestNG.runSuitesLocally(TestNG.java:1134)
at org.testng.TestNG.runSuites(TestNG.java:1063)
at org.testng.TestNG.run(TestNG.java:1031)
at org.apache.maven.surefire.testng.TestNGExecutor.run(TestNGExecutor.java:77)
at org.apache.maven.surefire.testng.TestNGDirectoryTestSuite.executeMulti(TestNGDirectoryTestSuite.java:159)
at org.apache.maven.surefire.testng.TestNGDirectoryTestSuite.execute(TestNGDirectoryTestSuite.java:99)
at org.apache.maven.surefire.testng.TestNGProvider.invoke(TestNGProvider.java:106)
at sun.reflect.NativeMethodAccessorImpl.invoke0(Native Method)
at sun.reflect.NativeMethodAccessorImpl.invoke(NativeMethodAccessorImpl.java:62)
at sun.reflect.DelegatingMethodAccessorImpl.invoke(DelegatingMethodAccessorImpl.java:43)
at java.lang.reflect.Method.invoke(Method.java:498)
at org.apache.maven.surefire.util.ReflectionUtils.invokeMethodWithArray(ReflectionUtils.java:189)
at org.apache.maven.surefire.booter.ProviderFactory$ProviderProxy.invoke(ProviderFactory.java:165)
at org.apache.maven.surefire.booter.ProviderFactory.invokeProvider(ProviderFactory.java:85)
at org.apache.maven.surefire.booter.ForkedBooter.runSuitesInProcess(ForkedBooter.java:115)
at org.apache.maven.surefire.booter.ForkedBooter.main(ForkedBooter.java:75)
]]>
            </full-stacktrace>
          </exception> <!-- java.lang.ArithmeticException -->
          <reporter-output>
          </reporter-output>
        </test-method> <!-- test2 -->
      </class> <!-- com.cybertek.tests.day08_implicitwait_checkbox_radio_testing.TestNGIntro -->
      <class name="com.cybertek.tests.day14_utils_webtables_properties.SmartBearProductTest">
        <test-method status="PASS" signature="setUp()[pri:0, instance:com.cybertek.tests.day14_utils_webtables_properties.SmartBearProductTest@1060b431]" name="setUp" is-config="true" duration-ms="2144" started-at="2021-12-18T12:06:00 EST" finished-at="2021-12-18T12:06:02 EST">
          <reporter-output>
          </reporter-output>
        </test-method> <!-- setUp -->
        <test-method status="PASS" signature="verifyLinksAfterLogin()[pri:0, instance:com.cybertek.tests.day14_utils_webtables_properties.SmartBearProductTest@1060b431]" name="verifyLinksAfterLogin" duration-ms="956" started-at="2021-12-18T12:06:02 EST" finished-at="2021-12-18T12:06:03 EST">
          <reporter-output>
          </reporter-output>
        </test-method> <!-- verifyLinksAfterLogin -->
        <test-method status="PASS" signature="tearDown()[pri:0, instance:com.cybertek.tests.day14_utils_webtables_properties.SmartBearProductTest@1060b431]" name="tearDown" is-config="true" duration-ms="1" started-at="2021-12-18T12:06:03 EST" finished-at="2021-12-18T12:06:03 EST">
          <reporter-output>
          </reporter-output>
        </test-method> <!-- tearDown -->
      </class> <!-- com.cybertek.tests.day14_utils_webtables_properties.SmartBearProductTest -->
      <class name="com.cybertek.tests.day15_properties_driverutil_testbase.DriverUtilTest">
        <test-method status="PASS" signature="driverClasstest()[pri:0, instance:com.cybertek.tests.day15_properties_driverutil_testbase.DriverUtilTest@491cc5c9]" name="driverClasstest" duration-ms="19721" started-at="2021-12-18T12:06:38 EST" finished-at="2021-12-18T12:06:58 EST">
          <reporter-output>
          </reporter-output>
        </test-method> <!-- driverClasstest -->
      </class> <!-- com.cybertek.tests.day15_properties_driverutil_testbase.DriverUtilTest -->
      <class name="com.cybertek.tests.day10_dropdow_alerts_iframes_windows.CarGurusUsedCarSearchTest">
        <test-method status="PASS" signature="setUp()[pri:0, instance:com.cybertek.tests.day10_dropdow_alerts_iframes_windows.CarGurusUsedCarSearchTest@757942a1]" name="setUp" is-config="true" duration-ms="7480" started-at="2021-12-18T12:07:53 EST" finished-at="2021-12-18T12:08:01 EST">
          <reporter-output>
          </reporter-output>
        </test-method> <!-- setUp -->
        <test-method status="PASS" signature="searchForMinivanTest()[pri:0, instance:com.cybertek.tests.day10_dropdow_alerts_iframes_windows.CarGurusUsedCarSearchTest@757942a1]" name="searchForMinivanTest" duration-ms="89670" started-at="2021-12-18T12:08:01 EST" finished-at="2021-12-18T12:09:30 EST">
          <reporter-output>
          </reporter-output>
        </test-method> <!-- searchForMinivanTest -->
        <test-method status="PASS" signature="tearDown()[pri:0, instance:com.cybertek.tests.day10_dropdow_alerts_iframes_windows.CarGurusUsedCarSearchTest@757942a1]" name="tearDown" is-config="true" duration-ms="187" started-at="2021-12-18T12:09:30 EST" finished-at="2021-12-18T12:09:31 EST">
          <reporter-output>
          </reporter-output>
        </test-method> <!-- tearDown -->
      </class> <!-- com.cybertek.tests.day10_dropdow_alerts_iframes_windows.CarGurusUsedCarSearchTest -->
      <class name="com.cybertek.tests.day15_properties_driverutil_testbase.SystemPropertiesTest">
        <test-method status="PASS" signature="readingSystemProperties()[pri:0, instance:com.cybertek.tests.day15_properties_driverutil_testbase.SystemPropertiesTest@74ad1f1f]" name="readingSystemProperties" duration-ms="1" started-at="2021-12-18T12:06:58 EST" finished-at="2021-12-18T12:06:58 EST">
          <reporter-output>
          </reporter-output>
        </test-method> <!-- readingSystemProperties -->
      </class> <!-- com.cybertek.tests.day15_properties_driverutil_testbase.SystemPropertiesTest -->
      <class name="com.cybertek.tests.day15_properties_driverutil_testbase.TechlisticWebtableTest">
        <test-method status="PASS" signature="setUp()[pri:0, instance:com.cybertek.tests.day15_properties_driverutil_testbase.TechlisticWebtableTest@6a1aab78]" name="setUp" is-config="true" duration-ms="1" started-at="2021-12-18T12:06:58 EST" finished-at="2021-12-18T12:06:58 EST">
          <reporter-output>
          </reporter-output>
        </test-method> <!-- setUp -->
        <test-method status="PASS" signature="tallBuildingsTableTest()[pri:0, instance:com.cybertek.tests.day15_properties_driverutil_testbase.TechlisticWebtableTest@6a1aab78]" name="tallBuildingsTableTest" duration-ms="5942" started-at="2021-12-18T12:06:58 EST" finished-at="2021-12-18T12:07:04 EST">
          <reporter-output>
          </reporter-output>
        </test-method> <!-- tallBuildingsTableTest -->
        <test-method status="PASS" signature="tearDown()[pri:0, instance:com.cybertek.tests.day15_properties_driverutil_testbase.TechlisticWebtableTest@6a1aab78]" name="tearDown" is-config="true" duration-ms="178" started-at="2021-12-18T12:07:04 EST" finished-at="2021-12-18T12:07:04 EST">
          <reporter-output>
          </reporter-output>
        </test-method> <!-- tearDown -->
      </class> <!-- com.cybertek.tests.day15_properties_driverutil_testbase.TechlisticWebtableTest -->
      <class name="com.cybertek.tests.day16_download_js_executor.FileUploadTest">
        <test-method status="PASS" signature="setUp()[pri:0, instance:com.cybertek.tests.day16_download_js_executor.FileUploadTest@66d1af89]" name="setUp" is-config="true" duration-ms="1441" started-at="2021-12-18T12:09:36 EST" finished-at="2021-12-18T12:09:38 EST">
          <reporter-output>
          </reporter-output>
        </test-method> <!-- setUp -->
        <test-method status="FAIL" signature="uploadFileTest()[pri:0, instance:com.cybertek.tests.day16_download_js_executor.FileUploadTest@66d1af89]" name="uploadFileTest" duration-ms="1338" started-at="2021-12-18T12:09:38 EST" finished-at="2021-12-18T12:09:39 EST">
          <exception class="org.openqa.selenium.InvalidArgumentException">
            <message>
              <![CDATA[invalid argument: File not found : /Users/zeynabnasibova/Downloads/some-file.txt
  (Session info: chrome=96.0.4664.110)
Build info: version: '3.141.59', revision: 'e82be7d358', time: '2018-11-14T08:17:03'
System info: host: 'Zeynabs-MacBook-Air.local', ip: 'fe80:0:0:0:81a:3b8b:484:a489%en0', os.name: 'Mac OS X', os.arch: 'x86_64', os.version: '10.16', java.version: '1.8.0_231'
Driver info: org.openqa.selenium.chrome.ChromeDriver
Capabilities {acceptInsecureCerts: false, browserName: chrome, browserVersion: 96.0.4664.110, chrome: {chromedriverVersion: 96.0.4664.45 (76e4c1bb2ab46..., userDataDir: /var/folders/33/jjj5dygj359...}, goog:chromeOptions: {debuggerAddress: localhost:50566}, javascriptEnabled: true, networkConnectionEnabled: false, pageLoadStrategy: normal, platform: MAC, platformName: MAC, proxy: Proxy(), setWindowRect: true, strictFileInteractability: false, timeouts: {implicit: 0, pageLoad: 300000, script: 30000}, unhandledPromptBehavior: dismiss and notify, webauthn:extension:credBlob: true, webauthn:extension:largeBlob: true, webauthn:virtualAuthenticators: true}
Session ID: dcd5519bd4312d00482ef73d20015dca]]>
            </message>
            <full-stacktrace>
              <![CDATA[org.openqa.selenium.InvalidArgumentException: invalid argument: File not found : /Users/zeynabnasibova/Downloads/some-file.txt
  (Session info: chrome=96.0.4664.110)
Build info: version: '3.141.59', revision: 'e82be7d358', time: '2018-11-14T08:17:03'
System info: host: 'Zeynabs-MacBook-Air.local', ip: 'fe80:0:0:0:81a:3b8b:484:a489%en0', os.name: 'Mac OS X', os.arch: 'x86_64', os.version: '10.16', java.version: '1.8.0_231'
Driver info: org.openqa.selenium.chrome.ChromeDriver
Capabilities {acceptInsecureCerts: false, browserName: chrome, browserVersion: 96.0.4664.110, chrome: {chromedriverVersion: 96.0.4664.45 (76e4c1bb2ab46..., userDataDir: /var/folders/33/jjj5dygj359...}, goog:chromeOptions: {debuggerAddress: localhost:50566}, javascriptEnabled: true, networkConnectionEnabled: false, pageLoadStrategy: normal, platform: MAC, platformName: MAC, proxy: Proxy(), setWindowRect: true, strictFileInteractability: false, timeouts: {implicit: 0, pageLoad: 300000, script: 30000}, unhandledPromptBehavior: dismiss and notify, webauthn:extension:credBlob: true, webauthn:extension:largeBlob: true, webauthn:virtualAuthenticators: true}
Session ID: dcd5519bd4312d00482ef73d20015dca
at sun.reflect.NativeConstructorAccessorImpl.newInstance0(Native Method)
at sun.reflect.NativeConstructorAccessorImpl.newInstance(NativeConstructorAccessorImpl.java:62)
at sun.reflect.DelegatingConstructorAccessorImpl.newInstance(DelegatingConstructorAccessorImpl.java:45)
at java.lang.reflect.Constructor.newInstance(Constructor.java:423)
at org.openqa.selenium.remote.http.W3CHttpResponseCodec.createException(W3CHttpResponseCodec.java:187)
at org.openqa.selenium.remote.http.W3CHttpResponseCodec.decode(W3CHttpResponseCodec.java:122)
at org.openqa.selenium.remote.http.W3CHttpResponseCodec.decode(W3CHttpResponseCodec.java:49)
at org.openqa.selenium.remote.HttpCommandExecutor.execute(HttpCommandExecutor.java:158)
at org.openqa.selenium.remote.service.DriverCommandExecutor.execute(DriverCommandExecutor.java:83)
at org.openqa.selenium.remote.RemoteWebDriver.execute(RemoteWebDriver.java:552)
at org.openqa.selenium.remote.RemoteWebElement.execute(RemoteWebElement.java:285)
at org.openqa.selenium.remote.RemoteWebElement.sendKeys(RemoteWebElement.java:106)
at com.cybertek.tests.day16_download_js_executor.FileUploadTest.uploadFileTest(FileUploadTest.java:16)
at sun.reflect.NativeMethodAccessorImpl.invoke0(Native Method)
at sun.reflect.NativeMethodAccessorImpl.invoke(NativeMethodAccessorImpl.java:62)
at sun.reflect.DelegatingMethodAccessorImpl.invoke(DelegatingMethodAccessorImpl.java:43)
at java.lang.reflect.Method.invoke(Method.java:498)
at org.testng.internal.MethodInvocationHelper.invokeMethod(MethodInvocationHelper.java:133)
at org.testng.internal.TestInvoker.invokeMethod(TestInvoker.java:598)
at org.testng.internal.TestInvoker.invokeTestMethod(TestInvoker.java:173)
at org.testng.internal.MethodRunner.runInSequence(MethodRunner.java:46)
at org.testng.internal.TestInvoker$MethodInvocationAgent.invoke(TestInvoker.java:824)
at org.testng.internal.TestInvoker.invokeTestMethods(TestInvoker.java:146)
at org.testng.internal.TestMethodWorker.invokeTestMethods(TestMethodWorker.java:146)
at org.testng.internal.TestMethodWorker.run(TestMethodWorker.java:128)
at java.util.ArrayList.forEach(ArrayList.java:1257)
at org.testng.TestRunner.privateRun(TestRunner.java:794)
at org.testng.TestRunner.run(TestRunner.java:596)
at org.testng.SuiteRunner.runTest(SuiteRunner.java:377)
at org.testng.SuiteRunner.runSequentially(SuiteRunner.java:371)
at org.testng.SuiteRunner.privateRun(SuiteRunner.java:332)
at org.testng.SuiteRunner.run(SuiteRunner.java:276)
at org.testng.SuiteRunnerWorker.runSuite(SuiteRunnerWorker.java:53)
at org.testng.SuiteRunnerWorker.run(SuiteRunnerWorker.java:96)
at org.testng.TestNG.runSuitesSequentially(TestNG.java:1212)
at org.testng.TestNG.runSuitesLocally(TestNG.java:1134)
at org.testng.TestNG.runSuites(TestNG.java:1063)
at org.testng.TestNG.run(TestNG.java:1031)
at org.apache.maven.surefire.testng.TestNGExecutor.run(TestNGExecutor.java:77)
at org.apache.maven.surefire.testng.TestNGDirectoryTestSuite.executeMulti(TestNGDirectoryTestSuite.java:159)
at org.apache.maven.surefire.testng.TestNGDirectoryTestSuite.execute(TestNGDirectoryTestSuite.java:99)
at org.apache.maven.surefire.testng.TestNGProvider.invoke(TestNGProvider.java:106)
at sun.reflect.NativeMethodAccessorImpl.invoke0(Native Method)
at sun.reflect.NativeMethodAccessorImpl.invoke(NativeMethodAccessorImpl.java:62)
at sun.reflect.DelegatingMethodAccessorImpl.invoke(DelegatingMethodAccessorImpl.java:43)
at java.lang.reflect.Method.invoke(Method.java:498)
at org.apache.maven.surefire.util.ReflectionUtils.invokeMethodWithArray(ReflectionUtils.java:189)
at org.apache.maven.surefire.booter.ProviderFactory$ProviderProxy.invoke(ProviderFactory.java:165)
at org.apache.maven.surefire.booter.ProviderFactory.invokeProvider(ProviderFactory.java:85)
at org.apache.maven.surefire.booter.ForkedBooter.runSuitesInProcess(ForkedBooter.java:115)
at org.apache.maven.surefire.booter.ForkedBooter.main(ForkedBooter.java:75)
]]>
            </full-stacktrace>
          </exception> <!-- org.openqa.selenium.InvalidArgumentException -->
          <reporter-output>
          </reporter-output>
        </test-method> <!-- uploadFileTest -->
        <test-method status="PASS" signature="tearDown()[pri:0, instance:com.cybertek.tests.day16_download_js_executor.FileUploadTest@66d1af89]" name="tearDown" is-config="true" duration-ms="76" started-at="2021-12-18T12:09:39 EST" finished-at="2021-12-18T12:09:39 EST">
          <reporter-output>
          </reporter-output>
        </test-method> <!-- tearDown -->
      </class> <!-- com.cybertek.tests.day16_download_js_executor.FileUploadTest -->
      <class name="com.cybertek.tests.day13_faker_practice_browserutil_properties.RegistrationFormTest">
        <test-method status="PASS" signature="setUp()[pri:0, instance:com.cybertek.tests.day13_faker_practice_browserutil_properties.RegistrationFormTest@37374a5e]" name="setUp" is-config="true" duration-ms="3032" started-at="2021-12-18T12:09:47 EST" finished-at="2021-12-18T12:09:50 EST">
          <reporter-output>
          </reporter-output>
        </test-method> <!-- setUp -->
        <test-method status="PASS" signature="formTest()[pri:0, instance:com.cybertek.tests.day13_faker_practice_browserutil_properties.RegistrationFormTest@37374a5e]" name="formTest" duration-ms="6533" started-at="2021-12-18T12:09:50 EST" finished-at="2021-12-18T12:09:56 EST">
          <reporter-output>
          </reporter-output>
        </test-method> <!-- formTest -->
        <test-method status="PASS" signature="tearDown()[pri:0, instance:com.cybertek.tests.day13_faker_practice_browserutil_properties.RegistrationFormTest@37374a5e]" name="tearDown" is-config="true" duration-ms="5" started-at="2021-12-18T12:09:56 EST" finished-at="2021-12-18T12:09:56 EST">
          <reporter-output>
          </reporter-output>
        </test-method> <!-- tearDown -->
      </class> <!-- com.cybertek.tests.day13_faker_practice_browserutil_properties.RegistrationFormTest -->
      <class name="com.cybertek.tests.day18_actions_pom_intro.ActionsSendKeysTest">
        <test-method status="PASS" signature="setUp()[pri:0, instance:com.cybertek.tests.day18_actions_pom_intro.ActionsSendKeysTest@7cbd213e]" name="setUp" is-config="true" duration-ms="1455" started-at="2021-12-18T12:10:55 EST" finished-at="2021-12-18T12:10:57 EST">
          <reporter-output>
          </reporter-output>
        </test-method> <!-- setUp -->
        <test-method status="PASS" signature="rightClickTest()[pri:0, instance:com.cybertek.tests.day18_actions_pom_intro.ActionsSendKeysTest@7cbd213e]" name="rightClickTest" duration-ms="1886" started-at="2021-12-18T12:10:57 EST" finished-at="2021-12-18T12:10:59 EST">
          <reporter-output>
          </reporter-output>
        </test-method> <!-- rightClickTest -->
        <test-method status="PASS" signature="tearDown()[pri:0, instance:com.cybertek.tests.day18_actions_pom_intro.ActionsSendKeysTest@7cbd213e]" name="tearDown" is-config="true" duration-ms="81" started-at="2021-12-18T12:10:59 EST" finished-at="2021-12-18T12:10:59 EST">
          <reporter-output>
          </reporter-output>
        </test-method> <!-- tearDown -->
        <test-method status="PASS" signature="setUp()[pri:0, instance:com.cybertek.tests.day18_actions_pom_intro.ActionsSendKeysTest@7cbd213e]" name="setUp" is-config="true" duration-ms="1393" started-at="2021-12-18T12:10:59 EST" finished-at="2021-12-18T12:11:00 EST">
          <reporter-output>
          </reporter-output>
        </test-method> <!-- setUp -->
        <test-method status="PASS" signature="scrollWithKeysTest()[pri:0, instance:com.cybertek.tests.day18_actions_pom_intro.ActionsSendKeysTest@7cbd213e]" name="scrollWithKeysTest" duration-ms="4437" started-at="2021-12-18T12:11:00 EST" finished-at="2021-12-18T12:11:05 EST">
          <reporter-output>
          </reporter-output>
        </test-method> <!-- scrollWithKeysTest -->
        <test-method status="PASS" signature="tearDown()[pri:0, instance:com.cybertek.tests.day18_actions_pom_intro.ActionsSendKeysTest@7cbd213e]" name="tearDown" is-config="true" duration-ms="81" started-at="2021-12-18T12:11:05 EST" finished-at="2021-12-18T12:11:05 EST">
          <reporter-output>
          </reporter-output>
        </test-method> <!-- tearDown -->
      </class> <!-- com.cybertek.tests.day18_actions_pom_intro.ActionsSendKeysTest -->
      <class name="com.cybertek.tests.day17_upload_js_executor.JavaScriptExecutorTest">
        <test-method status="PASS" signature="setUp()[pri:0, instance:com.cybertek.tests.day17_upload_js_executor.JavaScriptExecutorTest@eafc191]" name="setUp" is-config="true" duration-ms="1417" started-at="2021-12-18T12:05:19 EST" finished-at="2021-12-18T12:05:20 EST">
          <reporter-output>
          </reporter-output>
        </test-method> <!-- setUp -->
        <test-method status="PASS" signature="alertExampleTest()[pri:0, instance:com.cybertek.tests.day17_upload_js_executor.JavaScriptExecutorTest@eafc191]" name="alertExampleTest" duration-ms="2097" started-at="2021-12-18T12:05:20 EST" finished-at="2021-12-18T12:05:22 EST">
          <reporter-output>
          </reporter-output>
        </test-method> <!-- alertExampleTest -->
        <test-method status="PASS" signature="tearDown()[pri:0, instance:com.cybertek.tests.day17_upload_js_executor.JavaScriptExecutorTest@eafc191]" name="tearDown" is-config="true" duration-ms="81" started-at="2021-12-18T12:05:22 EST" finished-at="2021-12-18T12:05:22 EST">
          <reporter-output>
          </reporter-output>
        </test-method> <!-- tearDown -->
        <test-method status="PASS" signature="setUp()[pri:0, instance:com.cybertek.tests.day17_upload_js_executor.JavaScriptExecutorTest@eafc191]" name="setUp" is-config="true" duration-ms="1492" started-at="2021-12-18T12:05:22 EST" finished-at="2021-12-18T12:05:24 EST">
          <reporter-output>
          </reporter-output>
        </test-method> <!-- setUp -->
        <test-method status="PASS" signature="scrollTest()[pri:0, instance:com.cybertek.tests.day17_upload_js_executor.JavaScriptExecutorTest@eafc191]" name="scrollTest" duration-ms="13660" started-at="2021-12-18T12:05:24 EST" finished-at="2021-12-18T12:05:38 EST">
          <reporter-output>
          </reporter-output>
        </test-method> <!-- scrollTest -->
        <test-method status="PASS" signature="tearDown()[pri:0, instance:com.cybertek.tests.day17_upload_js_executor.JavaScriptExecutorTest@eafc191]" name="tearDown" is-config="true" duration-ms="85" started-at="2021-12-18T12:05:38 EST" finished-at="2021-12-18T12:05:38 EST">
          <reporter-output>
          </reporter-output>
        </test-method> <!-- tearDown -->
        <test-method status="PASS" signature="setUp()[pri:0, instance:com.cybertek.tests.day17_upload_js_executor.JavaScriptExecutorTest@eafc191]" name="setUp" is-config="true" duration-ms="1454" started-at="2021-12-18T12:05:38 EST" finished-at="2021-12-18T12:05:39 EST">
          <reporter-output>
          </reporter-output>
        </test-method> <!-- setUp -->
        <test-method status="PASS" signature="scrollToElementTest()[pri:0, instance:com.cybertek.tests.day17_upload_js_executor.JavaScriptExecutorTest@eafc191]" name="scrollToElementTest" duration-ms="4114" started-at="2021-12-18T12:05:39 EST" finished-at="2021-12-18T12:05:43 EST">
          <reporter-output>
          </reporter-output>
        </test-method> <!-- scrollToElementTest -->
        <test-method status="PASS" signature="tearDown()[pri:0, instance:com.cybertek.tests.day17_upload_js_executor.JavaScriptExecutorTest@eafc191]" name="tearDown" is-config="true" duration-ms="80" started-at="2021-12-18T12:05:43 EST" finished-at="2021-12-18T12:05:43 EST">
          <reporter-output>
          </reporter-output>
        </test-method> <!-- tearDown -->
        <test-method status="PASS" signature="setUp()[pri:0, instance:com.cybertek.tests.day17_upload_js_executor.JavaScriptExecutorTest@eafc191]" name="setUp" is-config="true" duration-ms="1375" started-at="2021-12-18T12:05:43 EST" finished-at="2021-12-18T12:05:45 EST">
          <reporter-output>
          </reporter-output>
        </test-method> <!-- setUp -->
        <test-method status="PASS" signature="setValueusingJSTest()[pri:0, instance:com.cybertek.tests.day17_upload_js_executor.JavaScriptExecutorTest@eafc191]" name="setValueusingJSTest" duration-ms="3014" started-at="2021-12-18T12:05:45 EST" finished-at="2021-12-18T12:05:48 EST">
          <reporter-output>
          </reporter-output>
        </test-method> <!-- setValueusingJSTest -->
        <test-method status="PASS" signature="tearDown()[pri:0, instance:com.cybertek.tests.day17_upload_js_executor.JavaScriptExecutorTest@eafc191]" name="tearDown" is-config="true" duration-ms="77" started-at="2021-12-18T12:05:48 EST" finished-at="2021-12-18T12:05:48 EST">
          <reporter-output>
          </reporter-output>
        </test-method> <!-- tearDown -->
      </class> <!-- com.cybertek.tests.day17_upload_js_executor.JavaScriptExecutorTest -->
      <class name="com.cybertek.tests.day19_page_object_model.LibraryLoginPOMTest">
        <test-method status="PASS" signature="setUp()[pri:0, instance:com.cybertek.tests.day19_page_object_model.LibraryLoginPOMTest@569cfc36]" name="setUp" is-config="true" duration-ms="1425" started-at="2021-12-18T12:11:27 EST" finished-at="2021-12-18T12:11:29 EST">
          <reporter-output>
          </reporter-output>
        </test-method> <!-- setUp -->
        <test-method status="PASS" signature="invalidCredentialsTest()[pri:0, instance:com.cybertek.tests.day19_page_object_model.LibraryLoginPOMTest@569cfc36]" name="invalidCredentialsTest" duration-ms="1627" started-at="2021-12-18T12:11:29 EST" finished-at="2021-12-18T12:11:30 EST">
          <reporter-output>
          </reporter-output>
        </test-method> <!-- invalidCredentialsTest -->
        <test-method status="PASS" signature="tearDown()[pri:0, instance:com.cybertek.tests.day19_page_object_model.LibraryLoginPOMTest@569cfc36]" name="tearDown" is-config="true" duration-ms="77" started-at="2021-12-18T12:11:30 EST" finished-at="2021-12-18T12:11:30 EST">
          <reporter-output>
          </reporter-output>
        </test-method> <!-- tearDown -->
        <test-method status="PASS" signature="setUp()[pri:0, instance:com.cybertek.tests.day19_page_object_model.LibraryLoginPOMTest@569cfc36]" name="setUp" is-config="true" duration-ms="1671" started-at="2021-12-18T12:11:30 EST" finished-at="2021-12-18T12:11:32 EST">
          <reporter-output>
          </reporter-output>
        </test-method> <!-- setUp -->
        <test-method status="PASS" signature="positiveLoginTest()[pri:0, instance:com.cybertek.tests.day19_page_object_model.LibraryLoginPOMTest@569cfc36]" name="positiveLoginTest" duration-ms="2981" started-at="2021-12-18T12:11:32 EST" finished-at="2021-12-18T12:11:35 EST">
          <reporter-output>
          </reporter-output>
        </test-method> <!-- positiveLoginTest -->
        <test-method status="PASS" signature="tearDown()[pri:0, instance:com.cybertek.tests.day19_page_object_model.LibraryLoginPOMTest@569cfc36]" name="tearDown" is-config="true" duration-ms="82" started-at="2021-12-18T12:11:35 EST" finished-at="2021-12-18T12:11:35 EST">
          <reporter-output>
          </reporter-output>
        </test-method> <!-- tearDown -->
      </class> <!-- com.cybertek.tests.day19_page_object_model.LibraryLoginPOMTest -->
      <class name="com.cybertek.tests.day09_testing_dropdowns.TestNGIntro">
        <test-method status="PASS" signature="setUp()[pri:0, instance:com.cybertek.tests.day09_testing_dropdowns.TestNGIntro@2db7a79b]" name="setUp" is-config="true" duration-ms="0" started-at="2021-12-18T12:10:03 EST" finished-at="2021-12-18T12:10:03 EST">
          <reporter-output>
          </reporter-output>
        </test-method> <!-- setUp -->
        <test-method status="PASS" signature="setUpApp()[pri:0, instance:com.cybertek.tests.day09_testing_dropdowns.TestNGIntro@2db7a79b]" name="setUpApp" is-config="true" duration-ms="1" started-at="2021-12-18T12:10:03 EST" finished-at="2021-12-18T12:10:03 EST">
          <reporter-output>
          </reporter-output>
        </test-method> <!-- setUpApp -->
        <test-method status="PASS" signature="tearDown()[pri:0, instance:com.cybertek.tests.day09_testing_dropdowns.TestNGIntro@2db7a79b]" name="tearDown" is-config="true" duration-ms="0" started-at="2021-12-18T12:10:03 EST" finished-at="2021-12-18T12:10:03 EST">
          <reporter-output>
          </reporter-output>
        </test-method> <!-- tearDown -->
        <test-method status="PASS" signature="setUpApp()[pri:0, instance:com.cybertek.tests.day09_testing_dropdowns.TestNGIntro@2db7a79b]" name="setUpApp" is-config="true" duration-ms="0" started-at="2021-12-18T12:10:03 EST" finished-at="2021-12-18T12:10:03 EST">
          <reporter-output>
          </reporter-output>
        </test-method> <!-- setUpApp -->
        <test-method status="PASS" signature="test1()[pri:1, instance:com.cybertek.tests.day09_testing_dropdowns.TestNGIntro@2db7a79b]" name="test1" duration-ms="0" started-at="2021-12-18T12:10:03 EST" finished-at="2021-12-18T12:10:03 EST">
          <reporter-output>
          </reporter-output>
        </test-method> <!-- test1 -->
        <test-method status="PASS" signature="myTest2()[pri:2, instance:com.cybertek.tests.day09_testing_dropdowns.TestNGIntro@2db7a79b]" name="myTest2" duration-ms="0" started-at="2021-12-18T12:10:03 EST" finished-at="2021-12-18T12:10:03 EST">
          <reporter-output>
          </reporter-output>
        </test-method> <!-- myTest2 -->
        <test-method status="PASS" signature="cleanUp()[pri:0, instance:com.cybertek.tests.day09_testing_dropdowns.TestNGIntro@2db7a79b]" name="cleanUp" is-config="true" duration-ms="0" started-at="2021-12-18T12:10:03 EST" finished-at="2021-12-18T12:10:03 EST">
          <reporter-output>
          </reporter-output>
        </test-method> <!-- cleanUp -->
        <test-method status="PASS" signature="tearDown()[pri:0, instance:com.cybertek.tests.day09_testing_dropdowns.TestNGIntro@2db7a79b]" name="tearDown" is-config="true" duration-ms="0" started-at="2021-12-18T12:10:03 EST" finished-at="2021-12-18T12:10:03 EST">
          <reporter-output>
          </reporter-output>
        </test-method> <!-- tearDown -->
      </class> <!-- com.cybertek.tests.day09_testing_dropdowns.TestNGIntro -->
      <class name="com.cybertek.tests.day14_utils_webtables_properties.WebTableDemoTest">
        <test-method status="PASS" signature="setUp()[pri:0, instance:com.cybertek.tests.day14_utils_webtables_properties.WebTableDemoTest@612fc6eb]" name="setUp" is-config="true" duration-ms="2584" started-at="2021-12-18T12:05:48 EST" finished-at="2021-12-18T12:05:50 EST">
          <reporter-output>
          </reporter-output>
        </test-method> <!-- setUp -->
        <test-method status="PASS" signature="getAllColumnData()[pri:0, instance:com.cybertek.tests.day14_utils_webtables_properties.WebTableDemoTest@612fc6eb]" name="getAllColumnData" duration-ms="204" started-at="2021-12-18T12:05:50 EST" finished-at="2021-12-18T12:05:51 EST">
          <reporter-output>
          </reporter-output>
        </test-method> <!-- getAllColumnData -->
        <test-method status="PASS" signature="setUp()[pri:0, instance:com.cybertek.tests.day14_utils_webtables_properties.WebTableDemoTest@612fc6eb]" name="setUp" is-config="true" duration-ms="2653" started-at="2021-12-18T12:05:51 EST" finished-at="2021-12-18T12:05:53 EST">
          <reporter-output>
          </reporter-output>
        </test-method> <!-- setUp -->
        <test-method status="PASS" signature="printAllTableDataTest()[pri:0, instance:com.cybertek.tests.day14_utils_webtables_properties.WebTableDemoTest@612fc6eb]" name="printAllTableDataTest" duration-ms="600" started-at="2021-12-18T12:05:53 EST" finished-at="2021-12-18T12:05:54 EST">
          <reporter-output>
          </reporter-output>
        </test-method> <!-- printAllTableDataTest -->
        <test-method status="PASS" signature="setUp()[pri:0, instance:com.cybertek.tests.day14_utils_webtables_properties.WebTableDemoTest@612fc6eb]" name="setUp" is-config="true" duration-ms="2839" started-at="2021-12-18T12:05:54 EST" finished-at="2021-12-18T12:05:57 EST">
          <reporter-output>
          </reporter-output>
        </test-method> <!-- setUp -->
        <test-method status="PASS" signature="readFromTableTest()[pri:0, instance:com.cybertek.tests.day14_utils_webtables_properties.WebTableDemoTest@612fc6eb]" name="readFromTableTest" duration-ms="433" started-at="2021-12-18T12:05:57 EST" finished-at="2021-12-18T12:05:57 EST">
          <reporter-output>
          </reporter-output>
        </test-method> <!-- readFromTableTest -->
        <test-method status="PASS" signature="setUp()[pri:0, instance:com.cybertek.tests.day14_utils_webtables_properties.WebTableDemoTest@612fc6eb]" name="setUp" is-config="true" duration-ms="2715" started-at="2021-12-18T12:05:57 EST" finished-at="2021-12-18T12:06:00 EST">
          <reporter-output>
          </reporter-output>
        </test-method> <!-- setUp -->
        <test-method status="PASS" signature="readNeighborCell()[pri:0, instance:com.cybertek.tests.day14_utils_webtables_properties.WebTableDemoTest@612fc6eb]" name="readNeighborCell" duration-ms="140" started-at="2021-12-18T12:06:00 EST" finished-at="2021-12-18T12:06:00 EST">
          <reporter-output>
          </reporter-output>
        </test-method> <!-- readNeighborCell -->
      </class> <!-- com.cybertek.tests.day14_utils_webtables_properties.WebTableDemoTest -->
      <class name="com.cybertek.tests.day18_actions_pom_intro.ActionsDoubleClickTest">
        <test-method status="PASS" signature="setUp()[pri:0, instance:com.cybertek.tests.day18_actions_pom_intro.ActionsDoubleClickTest@b7dd107]" name="setUp" is-config="true" duration-ms="1376" started-at="2021-12-18T12:10:27 EST" finished-at="2021-12-18T12:10:29 EST">
          <reporter-output>
          </reporter-output>
        </test-method> <!-- setUp -->
        <test-method status="PASS" signature="doubleClickForColorChange()[pri:0, instance:com.cybertek.tests.day18_actions_pom_intro.ActionsDoubleClickTest@b7dd107]" name="doubleClickForColorChange" duration-ms="10061" started-at="2021-12-18T12:10:29 EST" finished-at="2021-12-18T12:10:39 EST">
          <reporter-output>
          </reporter-output>
        </test-method> <!-- doubleClickForColorChange -->
        <test-method status="PASS" signature="tearDown()[pri:0, instance:com.cybertek.tests.day18_actions_pom_intro.ActionsDoubleClickTest@b7dd107]" name="tearDown" is-config="true" duration-ms="230" started-at="2021-12-18T12:10:39 EST" finished-at="2021-12-18T12:10:39 EST">
          <reporter-output>
          </reporter-output>
        </test-method> <!-- tearDown -->
      </class> <!-- com.cybertek.tests.day18_actions_pom_intro.ActionsDoubleClickTest -->
      <class name="com.cybertek.officeHours.oH04.placeOrderTest">
        <test-method status="PASS" signature="setUp()[pri:0, instance:com.cybertek.officeHours.oH04.placeOrderTest@2c039ac6]" name="setUp" is-config="true" duration-ms="6268" started-at="2021-12-18T12:05:06 EST" finished-at="2021-12-18T12:05:12 EST">
          <reporter-output>
          </reporter-output>
        </test-method> <!-- setUp -->
        <test-method status="FAIL" signature="placeOrder()[pri:0, instance:com.cybertek.officeHours.oH04.placeOrderTest@2c039ac6]" name="placeOrder" duration-ms="2127" started-at="2021-12-18T12:05:12 EST" finished-at="2021-12-18T12:05:15 EST">
          <exception class="org.openqa.selenium.StaleElementReferenceException">
            <message>
              <![CDATA[stale element reference: element is not attached to the page document
  (Session info: chrome=96.0.4664.110)
For documentation on this error, please visit: https://www.seleniumhq.org/exceptions/stale_element_reference.html
Build info: version: '3.141.59', revision: 'e82be7d358', time: '2018-11-14T08:17:03'
System info: host: 'Zeynabs-MacBook-Air.local', ip: 'fe80:0:0:0:81a:3b8b:484:a489%en0', os.name: 'Mac OS X', os.arch: 'x86_64', os.version: '10.16', java.version: '1.8.0_231'
Driver info: org.openqa.selenium.chrome.ChromeDriver
Capabilities {acceptInsecureCerts: false, browserName: chrome, browserVersion: 96.0.4664.110, chrome: {chromedriverVersion: 96.0.4664.45 (76e4c1bb2ab46..., userDataDir: /var/folders/33/jjj5dygj359...}, goog:chromeOptions: {debuggerAddress: localhost:49465}, javascriptEnabled: true, networkConnectionEnabled: false, pageLoadStrategy: normal, platform: MAC, platformName: MAC, proxy: Proxy(), setWindowRect: true, strictFileInteractability: false, timeouts: {implicit: 0, pageLoad: 300000, script: 30000}, unhandledPromptBehavior: dismiss and notify, webauthn:extension:credBlob: true, webauthn:extension:largeBlob: true, webauthn:virtualAuthenticators: true}
Session ID: 6024a37fb23914e4eebfe92170a3a7cd]]>
            </message>
            <full-stacktrace>
              <![CDATA[org.openqa.selenium.StaleElementReferenceException: stale element reference: element is not attached to the page document
  (Session info: chrome=96.0.4664.110)
For documentation on this error, please visit: https://www.seleniumhq.org/exceptions/stale_element_reference.html
Build info: version: '3.141.59', revision: 'e82be7d358', time: '2018-11-14T08:17:03'
System info: host: 'Zeynabs-MacBook-Air.local', ip: 'fe80:0:0:0:81a:3b8b:484:a489%en0', os.name: 'Mac OS X', os.arch: 'x86_64', os.version: '10.16', java.version: '1.8.0_231'
Driver info: org.openqa.selenium.chrome.ChromeDriver
Capabilities {acceptInsecureCerts: false, browserName: chrome, browserVersion: 96.0.4664.110, chrome: {chromedriverVersion: 96.0.4664.45 (76e4c1bb2ab46..., userDataDir: /var/folders/33/jjj5dygj359...}, goog:chromeOptions: {debuggerAddress: localhost:49465}, javascriptEnabled: true, networkConnectionEnabled: false, pageLoadStrategy: normal, platform: MAC, platformName: MAC, proxy: Proxy(), setWindowRect: true, strictFileInteractability: false, timeouts: {implicit: 0, pageLoad: 300000, script: 30000}, unhandledPromptBehavior: dismiss and notify, webauthn:extension:credBlob: true, webauthn:extension:largeBlob: true, webauthn:virtualAuthenticators: true}
Session ID: 6024a37fb23914e4eebfe92170a3a7cd
at sun.reflect.NativeConstructorAccessorImpl.newInstance0(Native Method)
at sun.reflect.NativeConstructorAccessorImpl.newInstance(NativeConstructorAccessorImpl.java:62)
at sun.reflect.DelegatingConstructorAccessorImpl.newInstance(DelegatingConstructorAccessorImpl.java:45)
at java.lang.reflect.Constructor.newInstance(Constructor.java:423)
at org.openqa.selenium.remote.http.W3CHttpResponseCodec.createException(W3CHttpResponseCodec.java:187)
at org.openqa.selenium.remote.http.W3CHttpResponseCodec.decode(W3CHttpResponseCodec.java:122)
at org.openqa.selenium.remote.http.W3CHttpResponseCodec.decode(W3CHttpResponseCodec.java:49)
at org.openqa.selenium.remote.HttpCommandExecutor.execute(HttpCommandExecutor.java:158)
at org.openqa.selenium.remote.service.DriverCommandExecutor.execute(DriverCommandExecutor.java:83)
at org.openqa.selenium.remote.RemoteWebDriver.execute(RemoteWebDriver.java:552)
at org.openqa.selenium.remote.RemoteWebElement.execute(RemoteWebElement.java:285)
at org.openqa.selenium.remote.RemoteWebElement.click(RemoteWebElement.java:84)
at com.cybertek.utils.officeUtils.addProduct(officeUtils.java:24)
at com.cybertek.officeHours.oH04.placeOrderTest.placeOrder(placeOrderTest.java:35)
at sun.reflect.NativeMethodAccessorImpl.invoke0(Native Method)
at sun.reflect.NativeMethodAccessorImpl.invoke(NativeMethodAccessorImpl.java:62)
at sun.reflect.DelegatingMethodAccessorImpl.invoke(DelegatingMethodAccessorImpl.java:43)
at java.lang.reflect.Method.invoke(Method.java:498)
at org.testng.internal.MethodInvocationHelper.invokeMethod(MethodInvocationHelper.java:133)
at org.testng.internal.TestInvoker.invokeMethod(TestInvoker.java:598)
at org.testng.internal.TestInvoker.invokeTestMethod(TestInvoker.java:173)
at org.testng.internal.MethodRunner.runInSequence(MethodRunner.java:46)
at org.testng.internal.TestInvoker$MethodInvocationAgent.invoke(TestInvoker.java:824)
at org.testng.internal.TestInvoker.invokeTestMethods(TestInvoker.java:146)
at org.testng.internal.TestMethodWorker.invokeTestMethods(TestMethodWorker.java:146)
at org.testng.internal.TestMethodWorker.run(TestMethodWorker.java:128)
at java.util.ArrayList.forEach(ArrayList.java:1257)
at org.testng.TestRunner.privateRun(TestRunner.java:794)
at org.testng.TestRunner.run(TestRunner.java:596)
at org.testng.SuiteRunner.runTest(SuiteRunner.java:377)
at org.testng.SuiteRunner.runSequentially(SuiteRunner.java:371)
at org.testng.SuiteRunner.privateRun(SuiteRunner.java:332)
at org.testng.SuiteRunner.run(SuiteRunner.java:276)
at org.testng.SuiteRunnerWorker.runSuite(SuiteRunnerWorker.java:53)
at org.testng.SuiteRunnerWorker.run(SuiteRunnerWorker.java:96)
at org.testng.TestNG.runSuitesSequentially(TestNG.java:1212)
at org.testng.TestNG.runSuitesLocally(TestNG.java:1134)
at org.testng.TestNG.runSuites(TestNG.java:1063)
at org.testng.TestNG.run(TestNG.java:1031)
at org.apache.maven.surefire.testng.TestNGExecutor.run(TestNGExecutor.java:77)
at org.apache.maven.surefire.testng.TestNGDirectoryTestSuite.executeMulti(TestNGDirectoryTestSuite.java:159)
at org.apache.maven.surefire.testng.TestNGDirectoryTestSuite.execute(TestNGDirectoryTestSuite.java:99)
at org.apache.maven.surefire.testng.TestNGProvider.invoke(TestNGProvider.java:106)
at sun.reflect.NativeMethodAccessorImpl.invoke0(Native Method)
at sun.reflect.NativeMethodAccessorImpl.invoke(NativeMethodAccessorImpl.java:62)
at sun.reflect.DelegatingMethodAccessorImpl.invoke(DelegatingMethodAccessorImpl.java:43)
at java.lang.reflect.Method.invoke(Method.java:498)
at org.apache.maven.surefire.util.ReflectionUtils.invokeMethodWithArray(ReflectionUtils.java:189)
at org.apache.maven.surefire.booter.ProviderFactory$ProviderProxy.invoke(ProviderFactory.java:165)
at org.apache.maven.surefire.booter.ProviderFactory.invokeProvider(ProviderFactory.java:85)
at org.apache.maven.surefire.booter.ForkedBooter.runSuitesInProcess(ForkedBooter.java:115)
at org.apache.maven.surefire.booter.ForkedBooter.main(ForkedBooter.java:75)
]]>
            </full-stacktrace>
          </exception> <!-- org.openqa.selenium.StaleElementReferenceException -->
          <reporter-output>
          </reporter-output>
        </test-method> <!-- placeOrder -->
        <test-method status="PASS" signature="tearDown()[pri:0, instance:com.cybertek.officeHours.oH04.placeOrderTest@2c039ac6]" name="tearDown" is-config="true" duration-ms="91" started-at="2021-12-18T12:05:15 EST" finished-at="2021-12-18T12:05:15 EST">
          <reporter-output>
          </reporter-output>
        </test-method> <!-- tearDown -->
      </class> <!-- com.cybertek.officeHours.oH04.placeOrderTest -->
      <class name="com.cybertek.tests.day15_properties_driverutil_testbase.PropertiesFileTest">
        <test-method status="PASS" signature="configurationReaderUnitTest()[pri:0, instance:com.cybertek.tests.day15_properties_driverutil_testbase.PropertiesFileTest@1b26f7b2]" name="configurationReaderUnitTest" duration-ms="1" started-at="2021-12-18T12:06:38 EST" finished-at="2021-12-18T12:06:38 EST">
          <reporter-output>
          </reporter-output>
        </test-method> <!-- configurationReaderUnitTest -->
        <test-method status="PASS" signature="readValuesFromPropertiesFile()[pri:0, instance:com.cybertek.tests.day15_properties_driverutil_testbase.PropertiesFileTest@1b26f7b2]" name="readValuesFromPropertiesFile" duration-ms="2" started-at="2021-12-18T12:06:38 EST" finished-at="2021-12-18T12:06:38 EST">
          <reporter-output>
          </reporter-output>
        </test-method> <!-- readValuesFromPropertiesFile -->
      </class> <!-- com.cybertek.tests.day15_properties_driverutil_testbase.PropertiesFileTest -->
      <class name="com.cybertek.tests.day18_actions_pom_intro.ActionsDemoTest">
        <test-method status="PASS" signature="setUp()[pri:0, instance:com.cybertek.tests.day18_actions_pom_intro.ActionsDemoTest@6950e31]" name="setUp" is-config="true" duration-ms="1624" started-at="2021-12-18T12:10:03 EST" finished-at="2021-12-18T12:10:04 EST">
          <reporter-output>
          </reporter-output>
        </test-method> <!-- setUp -->
        <test-method status="FAIL" signature="googleFeelingLuckyBtnHoverTest()[pri:0, instance:com.cybertek.tests.day18_actions_pom_intro.ActionsDemoTest@6950e31]" name="googleFeelingLuckyBtnHoverTest" duration-ms="12056" started-at="2021-12-18T12:10:04 EST" finished-at="2021-12-18T12:10:16 EST">
          <exception class="org.openqa.selenium.NoSuchElementException">
            <message>
              <![CDATA[no such element: Unable to locate element: {"method":"xpath","selector":"//div[@class='FPdoLc']"}
  (Session info: chrome=96.0.4664.110)
For documentation on this error, please visit: https://www.seleniumhq.org/exceptions/no_such_element.html
Build info: version: '3.141.59', revision: 'e82be7d358', time: '2018-11-14T08:17:03'
System info: host: 'Zeynabs-MacBook-Air.local', ip: 'fe80:0:0:0:81a:3b8b:484:a489%en0', os.name: 'Mac OS X', os.arch: 'x86_64', os.version: '10.16', java.version: '1.8.0_231'
Driver info: org.openqa.selenium.chrome.ChromeDriver
Capabilities {acceptInsecureCerts: false, browserName: chrome, browserVersion: 96.0.4664.110, chrome: {chromedriverVersion: 96.0.4664.45 (76e4c1bb2ab46..., userDataDir: /var/folders/33/jjj5dygj359...}, goog:chromeOptions: {debuggerAddress: localhost:50711}, javascriptEnabled: true, networkConnectionEnabled: false, pageLoadStrategy: normal, platform: MAC, platformName: MAC, proxy: Proxy(), setWindowRect: true, strictFileInteractability: false, timeouts: {implicit: 0, pageLoad: 300000, script: 30000}, unhandledPromptBehavior: dismiss and notify, webauthn:extension:credBlob: true, webauthn:extension:largeBlob: true, webauthn:virtualAuthenticators: true}
Session ID: 1bc6ec75c66f386ec7418121922b3210
*** Element info: {Using=xpath, value=//div[@class='FPdoLc']}]]>
            </message>
            <full-stacktrace>
              <![CDATA[org.openqa.selenium.NoSuchElementException: no such element: Unable to locate element: {"method":"xpath","selector":"//div[@class='FPdoLc']"}
  (Session info: chrome=96.0.4664.110)
For documentation on this error, please visit: https://www.seleniumhq.org/exceptions/no_such_element.html
Build info: version: '3.141.59', revision: 'e82be7d358', time: '2018-11-14T08:17:03'
System info: host: 'Zeynabs-MacBook-Air.local', ip: 'fe80:0:0:0:81a:3b8b:484:a489%en0', os.name: 'Mac OS X', os.arch: 'x86_64', os.version: '10.16', java.version: '1.8.0_231'
Driver info: org.openqa.selenium.chrome.ChromeDriver
Capabilities {acceptInsecureCerts: false, browserName: chrome, browserVersion: 96.0.4664.110, chrome: {chromedriverVersion: 96.0.4664.45 (76e4c1bb2ab46..., userDataDir: /var/folders/33/jjj5dygj359...}, goog:chromeOptions: {debuggerAddress: localhost:50711}, javascriptEnabled: true, networkConnectionEnabled: false, pageLoadStrategy: normal, platform: MAC, platformName: MAC, proxy: Proxy(), setWindowRect: true, strictFileInteractability: false, timeouts: {implicit: 0, pageLoad: 300000, script: 30000}, unhandledPromptBehavior: dismiss and notify, webauthn:extension:credBlob: true, webauthn:extension:largeBlob: true, webauthn:virtualAuthenticators: true}
Session ID: 1bc6ec75c66f386ec7418121922b3210
*** Element info: {Using=xpath, value=//div[@class='FPdoLc']}
at sun.reflect.NativeConstructorAccessorImpl.newInstance0(Native Method)
at sun.reflect.NativeConstructorAccessorImpl.newInstance(NativeConstructorAccessorImpl.java:62)
at sun.reflect.DelegatingConstructorAccessorImpl.newInstance(DelegatingConstructorAccessorImpl.java:45)
at java.lang.reflect.Constructor.newInstance(Constructor.java:423)
at org.openqa.selenium.remote.http.W3CHttpResponseCodec.createException(W3CHttpResponseCodec.java:187)
at org.openqa.selenium.remote.http.W3CHttpResponseCodec.decode(W3CHttpResponseCodec.java:122)
at org.openqa.selenium.remote.http.W3CHttpResponseCodec.decode(W3CHttpResponseCodec.java:49)
at org.openqa.selenium.remote.HttpCommandExecutor.execute(HttpCommandExecutor.java:158)
at org.openqa.selenium.remote.service.DriverCommandExecutor.execute(DriverCommandExecutor.java:83)
at org.openqa.selenium.remote.RemoteWebDriver.execute(RemoteWebDriver.java:552)
at org.openqa.selenium.remote.RemoteWebDriver.findElement(RemoteWebDriver.java:323)
at org.openqa.selenium.remote.RemoteWebDriver.findElementByXPath(RemoteWebDriver.java:428)
at org.openqa.selenium.By$ByXPath.findElement(By.java:353)
at org.openqa.selenium.remote.RemoteWebDriver.findElement(RemoteWebDriver.java:315)
at com.cybertek.tests.day18_actions_pom_intro.ActionsDemoTest.googleFeelingLuckyBtnHoverTest(ActionsDemoTest.java:55)
at sun.reflect.NativeMethodAccessorImpl.invoke0(Native Method)
at sun.reflect.NativeMethodAccessorImpl.invoke(NativeMethodAccessorImpl.java:62)
at sun.reflect.DelegatingMethodAccessorImpl.invoke(DelegatingMethodAccessorImpl.java:43)
at java.lang.reflect.Method.invoke(Method.java:498)
at org.testng.internal.MethodInvocationHelper.invokeMethod(MethodInvocationHelper.java:133)
at org.testng.internal.TestInvoker.invokeMethod(TestInvoker.java:598)
at org.testng.internal.TestInvoker.invokeTestMethod(TestInvoker.java:173)
at org.testng.internal.MethodRunner.runInSequence(MethodRunner.java:46)
at org.testng.internal.TestInvoker$MethodInvocationAgent.invoke(TestInvoker.java:824)
at org.testng.internal.TestInvoker.invokeTestMethods(TestInvoker.java:146)
at org.testng.internal.TestMethodWorker.invokeTestMethods(TestMethodWorker.java:146)
at org.testng.internal.TestMethodWorker.run(TestMethodWorker.java:128)
at java.util.ArrayList.forEach(ArrayList.java:1257)
at org.testng.TestRunner.privateRun(TestRunner.java:794)
at org.testng.TestRunner.run(TestRunner.java:596)
at org.testng.SuiteRunner.runTest(SuiteRunner.java:377)
at org.testng.SuiteRunner.runSequentially(SuiteRunner.java:371)
at org.testng.SuiteRunner.privateRun(SuiteRunner.java:332)
at org.testng.SuiteRunner.run(SuiteRunner.java:276)
at org.testng.SuiteRunnerWorker.runSuite(SuiteRunnerWorker.java:53)
at org.testng.SuiteRunnerWorker.run(SuiteRunnerWorker.java:96)
at org.testng.TestNG.runSuitesSequentially(TestNG.java:1212)
at org.testng.TestNG.runSuitesLocally(TestNG.java:1134)
at org.testng.TestNG.runSuites(TestNG.java:1063)
at org.testng.TestNG.run(TestNG.java:1031)
at org.apache.maven.surefire.testng.TestNGExecutor.run(TestNGExecutor.java:77)
at org.apache.maven.surefire.testng.TestNGDirectoryTestSuite.executeMulti(TestNGDirectoryTestSuite.java:159)
at org.apache.maven.surefire.testng.TestNGDirectoryTestSuite.execute(TestNGDirectoryTestSuite.java:99)
at org.apache.maven.surefire.testng.TestNGProvider.invoke(TestNGProvider.java:106)
at sun.reflect.NativeMethodAccessorImpl.invoke0(Native Method)
at sun.reflect.NativeMethodAccessorImpl.invoke(NativeMethodAccessorImpl.java:62)
at sun.reflect.DelegatingMethodAccessorImpl.invoke(DelegatingMethodAccessorImpl.java:43)
at java.lang.reflect.Method.invoke(Method.java:498)
at org.apache.maven.surefire.util.ReflectionUtils.invokeMethodWithArray(ReflectionUtils.java:189)
at org.apache.maven.surefire.booter.ProviderFactory$ProviderProxy.invoke(ProviderFactory.java:165)
at org.apache.maven.surefire.booter.ProviderFactory.invokeProvider(ProviderFactory.java:85)
at org.apache.maven.surefire.booter.ForkedBooter.runSuitesInProcess(ForkedBooter.java:115)
at org.apache.maven.surefire.booter.ForkedBooter.main(ForkedBooter.java:75)
]]>
            </full-stacktrace>
          </exception> <!-- org.openqa.selenium.NoSuchElementException -->
          <reporter-output>
          </reporter-output>
        </test-method> <!-- googleFeelingLuckyBtnHoverTest -->
        <test-method status="PASS" signature="tearDown()[pri:0, instance:com.cybertek.tests.day18_actions_pom_intro.ActionsDemoTest@6950e31]" name="tearDown" is-config="true" duration-ms="144" started-at="2021-12-18T12:10:16 EST" finished-at="2021-12-18T12:10:16 EST">
          <reporter-output>
          </reporter-output>
        </test-method> <!-- tearDown -->
        <test-method status="PASS" signature="setUp()[pri:0, instance:com.cybertek.tests.day18_actions_pom_intro.ActionsDemoTest@6950e31]" name="setUp" is-config="true" duration-ms="1990" started-at="2021-12-18T12:10:16 EST" finished-at="2021-12-18T12:10:18 EST">
          <reporter-output>
          </reporter-output>
        </test-method> <!-- setUp -->
        <test-method status="PASS" signature="hoverElementTest()[pri:0, instance:com.cybertek.tests.day18_actions_pom_intro.ActionsDemoTest@6950e31]" name="hoverElementTest" duration-ms="2867" started-at="2021-12-18T12:10:18 EST" finished-at="2021-12-18T12:10:21 EST">
          <reporter-output>
          </reporter-output>
        </test-method> <!-- hoverElementTest -->
        <test-method status="PASS" signature="tearDown()[pri:0, instance:com.cybertek.tests.day18_actions_pom_intro.ActionsDemoTest@6950e31]" name="tearDown" is-config="true" duration-ms="88" started-at="2021-12-18T12:10:21 EST" finished-at="2021-12-18T12:10:21 EST">
          <reporter-output>
          </reporter-output>
        </test-method> <!-- tearDown -->
        <test-method status="PASS" signature="setUp()[pri:0, instance:com.cybertek.tests.day18_actions_pom_intro.ActionsDemoTest@6950e31]" name="setUp" is-config="true" duration-ms="1364" started-at="2021-12-18T12:10:21 EST" finished-at="2021-12-18T12:10:23 EST">
          <reporter-output>
          </reporter-output>
        </test-method> <!-- setUp -->
        <test-method status="PASS" signature="hoverOverGroupElements()[pri:0, instance:com.cybertek.tests.day18_actions_pom_intro.ActionsDemoTest@6950e31]" name="hoverOverGroupElements" duration-ms="4518" started-at="2021-12-18T12:10:23 EST" finished-at="2021-12-18T12:10:27 EST">
          <reporter-output>
          </reporter-output>
        </test-method> <!-- hoverOverGroupElements -->
        <test-method status="PASS" signature="tearDown()[pri:0, instance:com.cybertek.tests.day18_actions_pom_intro.ActionsDemoTest@6950e31]" name="tearDown" is-config="true" duration-ms="81" started-at="2021-12-18T12:10:27 EST" finished-at="2021-12-18T12:10:27 EST">
          <reporter-output>
          </reporter-output>
        </test-method> <!-- tearDown -->
      </class> <!-- com.cybertek.tests.day18_actions_pom_intro.ActionsDemoTest -->
      <class name="com.cybertek.tests.day10_dropdow_alerts_iframes_windows.HandingAlertsTest">
        <test-method status="PASS" signature="setUp()[pri:0, instance:com.cybertek.tests.day10_dropdow_alerts_iframes_windows.HandingAlertsTest@69b0fd6f]" name="setUp" is-config="true" duration-ms="3166" started-at="2021-12-18T12:07:50 EST" finished-at="2021-12-18T12:07:53 EST">
          <reporter-output>
          </reporter-output>
        </test-method> <!-- setUp -->
        <test-method status="PASS" signature="jsAlertsTest()[pri:0, instance:com.cybertek.tests.day10_dropdow_alerts_iframes_windows.HandingAlertsTest@69b0fd6f]" name="jsAlertsTest" duration-ms="237" started-at="2021-12-18T12:07:53 EST" finished-at="2021-12-18T12:07:53 EST">
          <reporter-output>
          </reporter-output>
        </test-method> <!-- jsAlertsTest -->
      </class> <!-- com.cybertek.tests.day10_dropdow_alerts_iframes_windows.HandingAlertsTest -->
      <class name="com.cybertek.tests.day19_page_object_model.DragAndDropTest">
        <test-method status="PASS" signature="setUp()[pri:0, instance:com.cybertek.tests.day19_page_object_model.DragAndDropTest@43bd930a]" name="setUp" is-config="true" duration-ms="1435" started-at="2021-12-18T12:11:35 EST" finished-at="2021-12-18T12:11:36 EST">
          <reporter-output>
          </reporter-output>
        </test-method> <!-- setUp -->
        <test-method status="FAIL" signature="cargurusPriceSliderTest()[pri:0, instance:com.cybertek.tests.day19_page_object_model.DragAndDropTest@43bd930a]" name="cargurusPriceSliderTest" duration-ms="29577" started-at="2021-12-18T12:11:36 EST" finished-at="2021-12-18T12:12:06 EST">
          <exception class="org.openqa.selenium.NoSuchElementException">
            <message>
              <![CDATA[no such element: Unable to locate element: {"method":"xpath","selector":"(//button[@aria-valuemin='3000'])[1]"}
  (Session info: chrome=96.0.4664.110)
For documentation on this error, please visit: https://www.seleniumhq.org/exceptions/no_such_element.html
Build info: version: '3.141.59', revision: 'e82be7d358', time: '2018-11-14T08:17:03'
System info: host: 'Zeynabs-MacBook-Air.local', ip: 'fe80:0:0:0:81a:3b8b:484:a489%en0', os.name: 'Mac OS X', os.arch: 'x86_64', os.version: '10.16', java.version: '1.8.0_231'
Driver info: org.openqa.selenium.chrome.ChromeDriver
Capabilities {acceptInsecureCerts: false, browserName: chrome, browserVersion: 96.0.4664.110, chrome: {chromedriverVersion: 96.0.4664.45 (76e4c1bb2ab46..., userDataDir: /var/folders/33/jjj5dygj359...}, goog:chromeOptions: {debuggerAddress: localhost:51542}, javascriptEnabled: true, networkConnectionEnabled: false, pageLoadStrategy: normal, platform: MAC, platformName: MAC, proxy: Proxy(), setWindowRect: true, strictFileInteractability: false, timeouts: {implicit: 0, pageLoad: 300000, script: 30000}, unhandledPromptBehavior: dismiss and notify, webauthn:extension:credBlob: true, webauthn:extension:largeBlob: true, webauthn:virtualAuthenticators: true}
Session ID: f26375c43d36b3b02fb09caa89a68694
*** Element info: {Using=xpath, value=(//button[@aria-valuemin='3000'])[1]}]]>
            </message>
            <full-stacktrace>
              <![CDATA[org.openqa.selenium.NoSuchElementException: no such element: Unable to locate element: {"method":"xpath","selector":"(//button[@aria-valuemin='3000'])[1]"}
  (Session info: chrome=96.0.4664.110)
For documentation on this error, please visit: https://www.seleniumhq.org/exceptions/no_such_element.html
Build info: version: '3.141.59', revision: 'e82be7d358', time: '2018-11-14T08:17:03'
System info: host: 'Zeynabs-MacBook-Air.local', ip: 'fe80:0:0:0:81a:3b8b:484:a489%en0', os.name: 'Mac OS X', os.arch: 'x86_64', os.version: '10.16', java.version: '1.8.0_231'
Driver info: org.openqa.selenium.chrome.ChromeDriver
Capabilities {acceptInsecureCerts: false, browserName: chrome, browserVersion: 96.0.4664.110, chrome: {chromedriverVersion: 96.0.4664.45 (76e4c1bb2ab46..., userDataDir: /var/folders/33/jjj5dygj359...}, goog:chromeOptions: {debuggerAddress: localhost:51542}, javascriptEnabled: true, networkConnectionEnabled: false, pageLoadStrategy: normal, platform: MAC, platformName: MAC, proxy: Proxy(), setWindowRect: true, strictFileInteractability: false, timeouts: {implicit: 0, pageLoad: 300000, script: 30000}, unhandledPromptBehavior: dismiss and notify, webauthn:extension:credBlob: true, webauthn:extension:largeBlob: true, webauthn:virtualAuthenticators: true}
Session ID: f26375c43d36b3b02fb09caa89a68694
*** Element info: {Using=xpath, value=(//button[@aria-valuemin='3000'])[1]}
at sun.reflect.NativeConstructorAccessorImpl.newInstance0(Native Method)
at sun.reflect.NativeConstructorAccessorImpl.newInstance(NativeConstructorAccessorImpl.java:62)
at sun.reflect.DelegatingConstructorAccessorImpl.newInstance(DelegatingConstructorAccessorImpl.java:45)
at java.lang.reflect.Constructor.newInstance(Constructor.java:423)
at org.openqa.selenium.remote.http.W3CHttpResponseCodec.createException(W3CHttpResponseCodec.java:187)
at org.openqa.selenium.remote.http.W3CHttpResponseCodec.decode(W3CHttpResponseCodec.java:122)
at org.openqa.selenium.remote.http.W3CHttpResponseCodec.decode(W3CHttpResponseCodec.java:49)
at org.openqa.selenium.remote.HttpCommandExecutor.execute(HttpCommandExecutor.java:158)
at org.openqa.selenium.remote.service.DriverCommandExecutor.execute(DriverCommandExecutor.java:83)
at org.openqa.selenium.remote.RemoteWebDriver.execute(RemoteWebDriver.java:552)
at org.openqa.selenium.remote.RemoteWebDriver.findElement(RemoteWebDriver.java:323)
at org.openqa.selenium.remote.RemoteWebDriver.findElementByXPath(RemoteWebDriver.java:428)
at org.openqa.selenium.By$ByXPath.findElement(By.java:353)
at org.openqa.selenium.remote.RemoteWebDriver.findElement(RemoteWebDriver.java:315)
at com.cybertek.tests.day19_page_object_model.DragAndDropTest.cargurusPriceSliderTest(DragAndDropTest.java:52)
at sun.reflect.NativeMethodAccessorImpl.invoke0(Native Method)
at sun.reflect.NativeMethodAccessorImpl.invoke(NativeMethodAccessorImpl.java:62)
at sun.reflect.DelegatingMethodAccessorImpl.invoke(DelegatingMethodAccessorImpl.java:43)
at java.lang.reflect.Method.invoke(Method.java:498)
at org.testng.internal.MethodInvocationHelper.invokeMethod(MethodInvocationHelper.java:133)
at org.testng.internal.TestInvoker.invokeMethod(TestInvoker.java:598)
at org.testng.internal.TestInvoker.invokeTestMethod(TestInvoker.java:173)
at org.testng.internal.MethodRunner.runInSequence(MethodRunner.java:46)
at org.testng.internal.TestInvoker$MethodInvocationAgent.invoke(TestInvoker.java:824)
at org.testng.internal.TestInvoker.invokeTestMethods(TestInvoker.java:146)
at org.testng.internal.TestMethodWorker.invokeTestMethods(TestMethodWorker.java:146)
at org.testng.internal.TestMethodWorker.run(TestMethodWorker.java:128)
at java.util.ArrayList.forEach(ArrayList.java:1257)
at org.testng.TestRunner.privateRun(TestRunner.java:794)
at org.testng.TestRunner.run(TestRunner.java:596)
at org.testng.SuiteRunner.runTest(SuiteRunner.java:377)
at org.testng.SuiteRunner.runSequentially(SuiteRunner.java:371)
at org.testng.SuiteRunner.privateRun(SuiteRunner.java:332)
at org.testng.SuiteRunner.run(SuiteRunner.java:276)
at org.testng.SuiteRunnerWorker.runSuite(SuiteRunnerWorker.java:53)
at org.testng.SuiteRunnerWorker.run(SuiteRunnerWorker.java:96)
at org.testng.TestNG.runSuitesSequentially(TestNG.java:1212)
at org.testng.TestNG.runSuitesLocally(TestNG.java:1134)
at org.testng.TestNG.runSuites(TestNG.java:1063)
at org.testng.TestNG.run(TestNG.java:1031)
at org.apache.maven.surefire.testng.TestNGExecutor.run(TestNGExecutor.java:77)
at org.apache.maven.surefire.testng.TestNGDirectoryTestSuite.executeMulti(TestNGDirectoryTestSuite.java:159)
at org.apache.maven.surefire.testng.TestNGDirectoryTestSuite.execute(TestNGDirectoryTestSuite.java:99)
at org.apache.maven.surefire.testng.TestNGProvider.invoke(TestNGProvider.java:106)
at sun.reflect.NativeMethodAccessorImpl.invoke0(Native Method)
at sun.reflect.NativeMethodAccessorImpl.invoke(NativeMethodAccessorImpl.java:62)
at sun.reflect.DelegatingMethodAccessorImpl.invoke(DelegatingMethodAccessorImpl.java:43)
at java.lang.reflect.Method.invoke(Method.java:498)
at org.apache.maven.surefire.util.ReflectionUtils.invokeMethodWithArray(ReflectionUtils.java:189)
at org.apache.maven.surefire.booter.ProviderFactory$ProviderProxy.invoke(ProviderFactory.java:165)
at org.apache.maven.surefire.booter.ProviderFactory.invokeProvider(ProviderFactory.java:85)
at org.apache.maven.surefire.booter.ForkedBooter.runSuitesInProcess(ForkedBooter.java:115)
at org.apache.maven.surefire.booter.ForkedBooter.main(ForkedBooter.java:75)
]]>
            </full-stacktrace>
          </exception> <!-- org.openqa.selenium.NoSuchElementException -->
          <reporter-output>
          </reporter-output>
        </test-method> <!-- cargurusPriceSliderTest -->
        <test-method status="PASS" signature="tearDown()[pri:0, instance:com.cybertek.tests.day19_page_object_model.DragAndDropTest@43bd930a]" name="tearDown" is-config="true" duration-ms="212" started-at="2021-12-18T12:12:06 EST" finished-at="2021-12-18T12:12:06 EST">
          <reporter-output>
          </reporter-output>
        </test-method> <!-- tearDown -->
        <test-method status="PASS" signature="setUp()[pri:0, instance:com.cybertek.tests.day19_page_object_model.DragAndDropTest@43bd930a]" name="setUp" is-config="true" duration-ms="1822" started-at="2021-12-18T12:12:06 EST" finished-at="2021-12-18T12:12:08 EST">
          <reporter-output>
          </reporter-output>
        </test-method> <!-- setUp -->
        <test-method status="PASS" signature="guru99DragAndDropTest()[pri:0, instance:com.cybertek.tests.day19_page_object_model.DragAndDropTest@43bd930a]" name="guru99DragAndDropTest" duration-ms="5459" started-at="2021-12-18T12:12:08 EST" finished-at="2021-12-18T12:12:14 EST">
          <reporter-output>
          </reporter-output>
        </test-method> <!-- guru99DragAndDropTest -->
        <test-method status="PASS" signature="tearDown()[pri:0, instance:com.cybertek.tests.day19_page_object_model.DragAndDropTest@43bd930a]" name="tearDown" is-config="true" duration-ms="89" started-at="2021-12-18T12:12:14 EST" finished-at="2021-12-18T12:12:14 EST">
          <reporter-output>
          </reporter-output>
        </test-method> <!-- tearDown -->
      </class> <!-- com.cybertek.tests.day19_page_object_model.DragAndDropTest -->
      <class name="com.cybertek.tests.day12_windows_practice_faker.DemoQAMultipleWindowsTest">
        <test-method status="PASS" signature="setUp()[pri:0, instance:com.cybertek.tests.day12_windows_practice_faker.DemoQAMultipleWindowsTest@3ecd23d9]" name="setUp" is-config="true" duration-ms="4372" started-at="2021-12-18T12:11:18 EST" finished-at="2021-12-18T12:11:22 EST">
          <reporter-output>
          </reporter-output>
        </test-method> <!-- setUp -->
        <test-method status="PASS" signature="newWindowTest()[pri:0, instance:com.cybertek.tests.day12_windows_practice_faker.DemoQAMultipleWindowsTest@3ecd23d9]" name="newWindowTest" duration-ms="4640" started-at="2021-12-18T12:11:22 EST" finished-at="2021-12-18T12:11:27 EST">
          <reporter-output>
          </reporter-output>
        </test-method> <!-- newWindowTest -->
        <test-method status="PASS" signature="tearDown()[pri:0, instance:com.cybertek.tests.day12_windows_practice_faker.DemoQAMultipleWindowsTest@3ecd23d9]" name="tearDown" is-config="true" duration-ms="81" started-at="2021-12-18T12:11:27 EST" finished-at="2021-12-18T12:11:27 EST">
          <reporter-output>
          </reporter-output>
        </test-method> <!-- tearDown -->
      </class> <!-- com.cybertek.tests.day12_windows_practice_faker.DemoQAMultipleWindowsTest -->
      <class name="com.cybertek.tests.day10_dropdow_alerts_iframes_windows.AmazonDepartmentNamesListTest">
        <test-method status="PASS" signature="setUp()[pri:0, instance:com.cybertek.tests.day10_dropdow_alerts_iframes_windows.AmazonDepartmentNamesListTest@462d5aee]" name="setUp" is-config="true" duration-ms="5058" started-at="2021-12-18T12:07:04 EST" finished-at="2021-12-18T12:07:09 EST">
          <reporter-output>
          </reporter-output>
        </test-method> <!-- setUp -->
        <test-method status="PASS" signature="amazonDepartmentTest()[pri:0, instance:com.cybertek.tests.day10_dropdow_alerts_iframes_windows.AmazonDepartmentNamesListTest@462d5aee]" name="amazonDepartmentTest" duration-ms="40884" started-at="2021-12-18T12:07:09 EST" finished-at="2021-12-18T12:07:50 EST">
          <reporter-output>
          </reporter-output>
        </test-method> <!-- amazonDepartmentTest -->
        <test-method status="PASS" signature="tearDown()[pri:0, instance:com.cybertek.tests.day10_dropdow_alerts_iframes_windows.AmazonDepartmentNamesListTest@462d5aee]" name="tearDown" is-config="true" duration-ms="130" started-at="2021-12-18T12:07:50 EST" finished-at="2021-12-18T12:07:50 EST">
          <reporter-output>
          </reporter-output>
        </test-method> <!-- tearDown -->
      </class> <!-- com.cybertek.tests.day10_dropdow_alerts_iframes_windows.AmazonDepartmentNamesListTest -->
      <class name="com.cybertek.tests.day17_upload_js_executor.Guru99UploadTest">
        <test-method status="PASS" signature="setUp()[pri:0, instance:com.cybertek.tests.day17_upload_js_executor.Guru99UploadTest@87f383f]" name="setUp" is-config="true" duration-ms="2057" started-at="2021-12-18T12:05:15 EST" finished-at="2021-12-18T12:05:17 EST">
          <reporter-output>
          </reporter-output>
        </test-method> <!-- setUp -->
        <test-method status="FAIL" signature="uploadFileTest()[pri:0, instance:com.cybertek.tests.day17_upload_js_executor.Guru99UploadTest@87f383f]" name="uploadFileTest" duration-ms="1984" started-at="2021-12-18T12:05:17 EST" finished-at="2021-12-18T12:05:19 EST">
          <exception class="org.openqa.selenium.InvalidArgumentException">
            <message>
              <![CDATA[invalid argument: File not found : /Users/zeynabnasibova/Downloads/some-file.txt
  (Session info: chrome=96.0.4664.110)
Build info: version: '3.141.59', revision: 'e82be7d358', time: '2018-11-14T08:17:03'
System info: host: 'Zeynabs-MacBook-Air.local', ip: 'fe80:0:0:0:81a:3b8b:484:a489%en0', os.name: 'Mac OS X', os.arch: 'x86_64', os.version: '10.16', java.version: '1.8.0_231'
Driver info: org.openqa.selenium.chrome.ChromeDriver
Capabilities {acceptInsecureCerts: false, browserName: chrome, browserVersion: 96.0.4664.110, chrome: {chromedriverVersion: 96.0.4664.45 (76e4c1bb2ab46..., userDataDir: /var/folders/33/jjj5dygj359...}, goog:chromeOptions: {debuggerAddress: localhost:49481}, javascriptEnabled: true, networkConnectionEnabled: false, pageLoadStrategy: normal, platform: MAC, platformName: MAC, proxy: Proxy(), setWindowRect: true, strictFileInteractability: false, timeouts: {implicit: 0, pageLoad: 300000, script: 30000}, unhandledPromptBehavior: dismiss and notify, webauthn:extension:credBlob: true, webauthn:extension:largeBlob: true, webauthn:virtualAuthenticators: true}
Session ID: 97da46b27c3dac247acf38dec491dc02]]>
            </message>
            <full-stacktrace>
              <![CDATA[org.openqa.selenium.InvalidArgumentException: invalid argument: File not found : /Users/zeynabnasibova/Downloads/some-file.txt
  (Session info: chrome=96.0.4664.110)
Build info: version: '3.141.59', revision: 'e82be7d358', time: '2018-11-14T08:17:03'
System info: host: 'Zeynabs-MacBook-Air.local', ip: 'fe80:0:0:0:81a:3b8b:484:a489%en0', os.name: 'Mac OS X', os.arch: 'x86_64', os.version: '10.16', java.version: '1.8.0_231'
Driver info: org.openqa.selenium.chrome.ChromeDriver
Capabilities {acceptInsecureCerts: false, browserName: chrome, browserVersion: 96.0.4664.110, chrome: {chromedriverVersion: 96.0.4664.45 (76e4c1bb2ab46..., userDataDir: /var/folders/33/jjj5dygj359...}, goog:chromeOptions: {debuggerAddress: localhost:49481}, javascriptEnabled: true, networkConnectionEnabled: false, pageLoadStrategy: normal, platform: MAC, platformName: MAC, proxy: Proxy(), setWindowRect: true, strictFileInteractability: false, timeouts: {implicit: 0, pageLoad: 300000, script: 30000}, unhandledPromptBehavior: dismiss and notify, webauthn:extension:credBlob: true, webauthn:extension:largeBlob: true, webauthn:virtualAuthenticators: true}
Session ID: 97da46b27c3dac247acf38dec491dc02
at sun.reflect.NativeConstructorAccessorImpl.newInstance0(Native Method)
at sun.reflect.NativeConstructorAccessorImpl.newInstance(NativeConstructorAccessorImpl.java:62)
at sun.reflect.DelegatingConstructorAccessorImpl.newInstance(DelegatingConstructorAccessorImpl.java:45)
at java.lang.reflect.Constructor.newInstance(Constructor.java:423)
at org.openqa.selenium.remote.http.W3CHttpResponseCodec.createException(W3CHttpResponseCodec.java:187)
at org.openqa.selenium.remote.http.W3CHttpResponseCodec.decode(W3CHttpResponseCodec.java:122)
at org.openqa.selenium.remote.http.W3CHttpResponseCodec.decode(W3CHttpResponseCodec.java:49)
at org.openqa.selenium.remote.HttpCommandExecutor.execute(HttpCommandExecutor.java:158)
at org.openqa.selenium.remote.service.DriverCommandExecutor.execute(DriverCommandExecutor.java:83)
at org.openqa.selenium.remote.RemoteWebDriver.execute(RemoteWebDriver.java:552)
at org.openqa.selenium.remote.RemoteWebElement.execute(RemoteWebElement.java:285)
at org.openqa.selenium.remote.RemoteWebElement.sendKeys(RemoteWebElement.java:106)
at com.cybertek.tests.day17_upload_js_executor.Guru99UploadTest.uploadFileTest(Guru99UploadTest.java:29)
at sun.reflect.NativeMethodAccessorImpl.invoke0(Native Method)
at sun.reflect.NativeMethodAccessorImpl.invoke(NativeMethodAccessorImpl.java:62)
at sun.reflect.DelegatingMethodAccessorImpl.invoke(DelegatingMethodAccessorImpl.java:43)
at java.lang.reflect.Method.invoke(Method.java:498)
at org.testng.internal.MethodInvocationHelper.invokeMethod(MethodInvocationHelper.java:133)
at org.testng.internal.TestInvoker.invokeMethod(TestInvoker.java:598)
at org.testng.internal.TestInvoker.invokeTestMethod(TestInvoker.java:173)
at org.testng.internal.MethodRunner.runInSequence(MethodRunner.java:46)
at org.testng.internal.TestInvoker$MethodInvocationAgent.invoke(TestInvoker.java:824)
at org.testng.internal.TestInvoker.invokeTestMethods(TestInvoker.java:146)
at org.testng.internal.TestMethodWorker.invokeTestMethods(TestMethodWorker.java:146)
at org.testng.internal.TestMethodWorker.run(TestMethodWorker.java:128)
at java.util.ArrayList.forEach(ArrayList.java:1257)
at org.testng.TestRunner.privateRun(TestRunner.java:794)
at org.testng.TestRunner.run(TestRunner.java:596)
at org.testng.SuiteRunner.runTest(SuiteRunner.java:377)
at org.testng.SuiteRunner.runSequentially(SuiteRunner.java:371)
at org.testng.SuiteRunner.privateRun(SuiteRunner.java:332)
at org.testng.SuiteRunner.run(SuiteRunner.java:276)
at org.testng.SuiteRunnerWorker.runSuite(SuiteRunnerWorker.java:53)
at org.testng.SuiteRunnerWorker.run(SuiteRunnerWorker.java:96)
at org.testng.TestNG.runSuitesSequentially(TestNG.java:1212)
at org.testng.TestNG.runSuitesLocally(TestNG.java:1134)
at org.testng.TestNG.runSuites(TestNG.java:1063)
at org.testng.TestNG.run(TestNG.java:1031)
at org.apache.maven.surefire.testng.TestNGExecutor.run(TestNGExecutor.java:77)
at org.apache.maven.surefire.testng.TestNGDirectoryTestSuite.executeMulti(TestNGDirectoryTestSuite.java:159)
at org.apache.maven.surefire.testng.TestNGDirectoryTestSuite.execute(TestNGDirectoryTestSuite.java:99)
at org.apache.maven.surefire.testng.TestNGProvider.invoke(TestNGProvider.java:106)
at sun.reflect.NativeMethodAccessorImpl.invoke0(Native Method)
at sun.reflect.NativeMethodAccessorImpl.invoke(NativeMethodAccessorImpl.java:62)
at sun.reflect.DelegatingMethodAccessorImpl.invoke(DelegatingMethodAccessorImpl.java:43)
at java.lang.reflect.Method.invoke(Method.java:498)
at org.apache.maven.surefire.util.ReflectionUtils.invokeMethodWithArray(ReflectionUtils.java:189)
at org.apache.maven.surefire.booter.ProviderFactory$ProviderProxy.invoke(ProviderFactory.java:165)
at org.apache.maven.surefire.booter.ProviderFactory.invokeProvider(ProviderFactory.java:85)
at org.apache.maven.surefire.booter.ForkedBooter.runSuitesInProcess(ForkedBooter.java:115)
at org.apache.maven.surefire.booter.ForkedBooter.main(ForkedBooter.java:75)
]]>
            </full-stacktrace>
          </exception> <!-- org.openqa.selenium.InvalidArgumentException -->
          <reporter-output>
          </reporter-output>
        </test-method> <!-- uploadFileTest -->
        <test-method status="PASS" signature="tearDown()[pri:0, instance:com.cybertek.tests.day17_upload_js_executor.Guru99UploadTest@87f383f]" name="tearDown" is-config="true" duration-ms="77" started-at="2021-12-18T12:05:19 EST" finished-at="2021-12-18T12:05:19 EST">
          <reporter-output>
          </reporter-output>
        </test-method> <!-- tearDown -->
      </class> <!-- com.cybertek.tests.day17_upload_js_executor.Guru99UploadTest -->
      <class name="com.cybertek.tests.day11_alerts_iframe_windows.MultipleWindowsExampleTest">
        <test-method status="PASS" signature="setUp()[pri:0, instance:com.cybertek.tests.day11_alerts_iframe_windows.MultipleWindowsExampleTest@e720b71]" name="setUp" is-config="true" duration-ms="1453" started-at="2021-12-18T12:06:30 EST" finished-at="2021-12-18T12:06:31 EST">
          <reporter-output>
          </reporter-output>
        </test-method> <!-- setUp -->
        <test-method status="PASS" signature="demoQAMultipleWindows()[pri:0, instance:com.cybertek.tests.day11_alerts_iframe_windows.MultipleWindowsExampleTest@e720b71]" name="demoQAMultipleWindows" duration-ms="2987" started-at="2021-12-18T12:06:31 EST" finished-at="2021-12-18T12:06:34 EST">
          <reporter-output>
          </reporter-output>
        </test-method> <!-- demoQAMultipleWindows -->
        <test-method status="PASS" signature="setUp()[pri:0, instance:com.cybertek.tests.day11_alerts_iframe_windows.MultipleWindowsExampleTest@e720b71]" name="setUp" is-config="true" duration-ms="1809" started-at="2021-12-18T12:06:34 EST" finished-at="2021-12-18T12:06:36 EST">
          <reporter-output>
          </reporter-output>
        </test-method> <!-- setUp -->
        <test-method status="PASS" signature="windowsTest()[pri:0, instance:com.cybertek.tests.day11_alerts_iframe_windows.MultipleWindowsExampleTest@e720b71]" name="windowsTest" duration-ms="1727" started-at="2021-12-18T12:06:36 EST" finished-at="2021-12-18T12:06:38 EST">
          <reporter-output>
          </reporter-output>
        </test-method> <!-- windowsTest -->
      </class> <!-- com.cybertek.tests.day11_alerts_iframe_windows.MultipleWindowsExampleTest -->
      <class name="com.cybertek.tests.day18_actions_pom_intro.ActionsDragAndDropTest">
        <test-method status="PASS" signature="setUp()[pri:0, instance:com.cybertek.tests.day18_actions_pom_intro.ActionsDragAndDropTest@52f759d7]" name="setUp" is-config="true" duration-ms="1420" started-at="2021-12-18T12:10:51 EST" finished-at="2021-12-18T12:10:52 EST">
          <reporter-output>
          </reporter-output>
        </test-method> <!-- setUp -->
        <test-method status="PASS" signature="dragAndDropTest()[pri:0, instance:com.cybertek.tests.day18_actions_pom_intro.ActionsDragAndDropTest@52f759d7]" name="dragAndDropTest" duration-ms="2811" started-at="2021-12-18T12:10:52 EST" finished-at="2021-12-18T12:10:55 EST">
          <reporter-output>
          </reporter-output>
        </test-method> <!-- dragAndDropTest -->
        <test-method status="PASS" signature="tearDown()[pri:0, instance:com.cybertek.tests.day18_actions_pom_intro.ActionsDragAndDropTest@52f759d7]" name="tearDown" is-config="true" duration-ms="77" started-at="2021-12-18T12:10:55 EST" finished-at="2021-12-18T12:10:55 EST">
          <reporter-output>
          </reporter-output>
        </test-method> <!-- tearDown -->
      </class> <!-- com.cybertek.tests.day18_actions_pom_intro.ActionsDragAndDropTest -->
      <class name="com.cybertek.tests.day09_testing_dropdowns.DropDownTest">
        <test-method status="PASS" signature="setUp()[pri:0, instance:com.cybertek.tests.day09_testing_dropdowns.DropDownTest@4671e53b]" name="setUp" is-config="true" duration-ms="2940" started-at="2021-12-18T12:09:56 EST" finished-at="2021-12-18T12:09:59 EST">
          <reporter-output>
          </reporter-output>
        </test-method> <!-- setUp -->
        <test-method status="PASS" signature="simpleDropDownTest()[pri:0, instance:com.cybertek.tests.day09_testing_dropdowns.DropDownTest@4671e53b]" name="simpleDropDownTest" duration-ms="204" started-at="2021-12-18T12:09:59 EST" finished-at="2021-12-18T12:10:00 EST">
          <reporter-output>
          </reporter-output>
        </test-method> <!-- simpleDropDownTest -->
        <test-method status="PASS" signature="tearDown()[pri:0, instance:com.cybertek.tests.day09_testing_dropdowns.DropDownTest@4671e53b]" name="tearDown" is-config="true" duration-ms="2" started-at="2021-12-18T12:10:00 EST" finished-at="2021-12-18T12:10:00 EST">
          <reporter-output>
          </reporter-output>
        </test-method> <!-- tearDown -->
        <test-method status="PASS" signature="setUp()[pri:0, instance:com.cybertek.tests.day09_testing_dropdowns.DropDownTest@4671e53b]" name="setUp" is-config="true" duration-ms="2833" started-at="2021-12-18T12:10:00 EST" finished-at="2021-12-18T12:10:02 EST">
          <reporter-output>
          </reporter-output>
        </test-method> <!-- setUp -->
        <test-method status="PASS" signature="titleTest()[pri:0, instance:com.cybertek.tests.day09_testing_dropdowns.DropDownTest@4671e53b]" name="titleTest" duration-ms="26" started-at="2021-12-18T12:10:02 EST" finished-at="2021-12-18T12:10:03 EST">
          <reporter-output>
          </reporter-output>
        </test-method> <!-- titleTest -->
        <test-method status="PASS" signature="tearDown()[pri:0, instance:com.cybertek.tests.day09_testing_dropdowns.DropDownTest@4671e53b]" name="tearDown" is-config="true" duration-ms="1" started-at="2021-12-18T12:10:03 EST" finished-at="2021-12-18T12:10:03 EST">
          <reporter-output>
          </reporter-output>
        </test-method> <!-- tearDown -->
      </class> <!-- com.cybertek.tests.day09_testing_dropdowns.DropDownTest -->
      <class name="com.cybertek.tests.day20_review_wait.IframeActionsTest">
        <test-method status="PASS" signature="setUp()[pri:0, instance:com.cybertek.tests.day20_review_wait.IframeActionsTest@192d3247]" name="setUp" is-config="true" duration-ms="1400" started-at="2021-12-18T12:11:05 EST" finished-at="2021-12-18T12:11:06 EST">
          <reporter-output>
          </reporter-output>
        </test-method> <!-- setUp -->
        <test-method status="PASS" signature="test()[pri:0, instance:com.cybertek.tests.day20_review_wait.IframeActionsTest@192d3247]" name="test" duration-ms="11737" started-at="2021-12-18T12:11:06 EST" finished-at="2021-12-18T12:11:18 EST">
          <reporter-output>
          </reporter-output>
        </test-method> <!-- test -->
        <test-method status="PASS" signature="tearDown()[pri:0, instance:com.cybertek.tests.day20_review_wait.IframeActionsTest@192d3247]" name="tearDown" is-config="true" duration-ms="200" started-at="2021-12-18T12:11:18 EST" finished-at="2021-12-18T12:11:18 EST">
          <reporter-output>
          </reporter-output>
        </test-method> <!-- tearDown -->
      </class> <!-- com.cybertek.tests.day20_review_wait.IframeActionsTest -->
      <class name="com.cybertek.tests.day13_faker_practice_browserutil_properties.RegistrationFormNegativeTest">
        <test-method status="PASS" signature="setUp()[pri:0, instance:com.cybertek.tests.day13_faker_practice_browserutil_properties.RegistrationFormNegativeTest@8646db9]" name="setUp" is-config="true" duration-ms="3026" started-at="2021-12-18T12:09:39 EST" finished-at="2021-12-18T12:09:42 EST">
          <reporter-output>
          </reporter-output>
        </test-method> <!-- setUp -->
        <test-method status="PASS" signature="invalidFirstNameTest()[pri:0, instance:com.cybertek.tests.day13_faker_practice_browserutil_properties.RegistrationFormNegativeTest@8646db9]" name="invalidFirstNameTest" duration-ms="4648" started-at="2021-12-18T12:09:42 EST" finished-at="2021-12-18T12:09:47 EST">
          <reporter-output>
          </reporter-output>
        </test-method> <!-- invalidFirstNameTest -->
        <test-method status="PASS" signature="tearDown()[pri:0, instance:com.cybertek.tests.day13_faker_practice_browserutil_properties.RegistrationFormNegativeTest@8646db9]" name="tearDown" is-config="true" duration-ms="2" started-at="2021-12-18T12:09:47 EST" finished-at="2021-12-18T12:09:47 EST">
          <reporter-output>
          </reporter-output>
        </test-method> <!-- tearDown -->
      </class> <!-- com.cybertek.tests.day13_faker_practice_browserutil_properties.RegistrationFormNegativeTest -->
      <class name="com.cybertek.tests.day11_alerts_iframe_windows.IFrameExampleTest">
        <test-method status="PASS" signature="setUp()[pri:0, instance:com.cybertek.tests.day11_alerts_iframe_windows.IFrameExampleTest@612679d6]" name="setUp" is-config="true" duration-ms="4374" started-at="2021-12-18T12:06:03 EST" finished-at="2021-12-18T12:06:07 EST">
          <reporter-output>
          </reporter-output>
        </test-method> <!-- setUp -->
        <test-method status="PASS" signature="iframeTest()[pri:0, instance:com.cybertek.tests.day11_alerts_iframe_windows.IFrameExampleTest@612679d6]" name="iframeTest" duration-ms="5355" started-at="2021-12-18T12:06:07 EST" finished-at="2021-12-18T12:06:13 EST">
          <reporter-output>
          </reporter-output>
        </test-method> <!-- iframeTest -->
        <test-method status="PASS" signature="setUp()[pri:0, instance:com.cybertek.tests.day11_alerts_iframe_windows.IFrameExampleTest@612679d6]" name="setUp" is-config="true" duration-ms="4384" started-at="2021-12-18T12:06:13 EST" finished-at="2021-12-18T12:06:17 EST">
          <reporter-output>
          </reporter-output>
        </test-method> <!-- setUp -->
        <test-method status="PASS" signature="multipleFramesTest()[pri:0, instance:com.cybertek.tests.day11_alerts_iframe_windows.IFrameExampleTest@612679d6]" name="multipleFramesTest" duration-ms="721" started-at="2021-12-18T12:06:17 EST" finished-at="2021-12-18T12:06:18 EST">
          <reporter-output>
          </reporter-output>
        </test-method> <!-- multipleFramesTest -->
      </class> <!-- com.cybertek.tests.day11_alerts_iframe_windows.IFrameExampleTest -->
    </test> <!-- Command line test -->
  </suite> <!-- Command line suite -->
</testng-results>
